2022-04-05 21:48:59,222:WARNING:discord.client: PyNaCl is not installed, voice will NOT be supported
2022-04-05 21:48:59,285:INFO:discord.client: logging in using static token
2022-04-05 21:48:59,674:DEBUG:discord.http: GET https://discord.com/api/v7/users/@me with None has returned 200
2022-04-05 21:48:59,675:DEBUG:discord.http: GET https://discord.com/api/v7/users/@me has received {'id': '960740724456980520', 'username': 'ChessBot', 'avatar': '55e61f2acc7f716ca6f0895603e45721', 'discriminator': '8864', 'public_flags': 0, 'flags': 0, 'bot': True, 'banner': None, 'banner_color': None, 'accent_color': None, 'bio': '', 'pronouns': '', 'locale': 'en-US', 'mfa_enabled': False, 'email': None, 'verified': True}
2022-04-05 21:48:59,692:DEBUG:discord.http: GET https://discord.com/api/v7/gateway with None has returned 200
2022-04-05 21:48:59,692:DEBUG:discord.http: GET https://discord.com/api/v7/gateway has received {'url': 'wss://gateway.discord.gg'}
2022-04-05 21:48:59,907:DEBUG:discord.gateway: Created websocket connected to wss://gateway.discord.gg?encoding=json&v=6&compress=zlib-stream
2022-04-05 21:48:59,907:DEBUG:discord.client: Dispatching event socket_raw_receive
2022-04-05 21:48:59,909:DEBUG:discord.gateway: For Shard ID None: WebSocket Event: {'t': None, 's': None, 'op': 10, 'd': {'heartbeat_interval': 41250, '_trace': ['["gateway-prd-main-46cz",{"micros":0.0}]']}}
2022-04-05 21:48:59,909:DEBUG:discord.client: Dispatching event socket_response
2022-04-05 21:48:59,909:DEBUG:discord.client: Dispatching event socket_raw_send
2022-04-05 21:48:59,910:DEBUG:discord.client: Dispatching event socket_raw_send
2022-04-05 21:48:59,910:INFO:discord.gateway: Shard ID None has sent the IDENTIFY payload.
2022-04-05 21:48:59,976:DEBUG:discord.client: Dispatching event socket_raw_receive
2022-04-05 21:48:59,977:DEBUG:discord.gateway: For Shard ID None: WebSocket Event: {'t': None, 's': None, 'op': 11, 'd': None}
2022-04-05 21:48:59,977:DEBUG:discord.client: Dispatching event socket_response
2022-04-05 21:49:00,098:DEBUG:discord.client: Dispatching event socket_raw_receive
2022-04-05 21:49:00,098:DEBUG:discord.gateway: For Shard ID None: WebSocket Event: {'t': 'READY', 's': 1, 'op': 0, 'd': {'v': 6, 'user_settings': {}, 'user': {'verified': True, 'username': 'ChessBot', 'mfa_enabled': False, 'id': '960740724456980520', 'flags': 0, 'email': None, 'discriminator': '8864', 'bot': True, 'avatar': '55e61f2acc7f716ca6f0895603e45721'}, 'session_id': 'b87256c234e544caf69d1e0982082756', 'relationships': [], 'private_channels': [], 'presences': [], 'guilds': [{'unavailable': True, 'id': '802351278843363328'}, {'unavailable': True, 'id': '961022230098239498'}], 'guild_join_requests': [], 'geo_ordered_rtc_regions': ['santa-clara', 'us-west', 'seattle', 'us-south', 'us-central'], 'application': {'id': '960740724456980520', 'flags': 262144}, '_trace': ['["gateway-prd-main-46cz",{"micros":115191,"calls":["discord-sessions-blue-prd-2-37",{"micros":113960,"calls":["start_session",{"micros":92782,"calls":["discord-api-6cbc6fd76c-z8gbc",{"micros":83949,"calls":["get_user",{"micros":12509},"add_authorized_ip",{"micros":3964},"get_guilds",{"micros":17260},"coros_wait",{"micros":3}]}]},"guilds_connect",{"micros":3,"calls":[]},"presence_connect",{"micros":1,"calls":[]}]}]}]']}}
2022-04-05 21:49:00,099:DEBUG:discord.client: Dispatching event socket_response
2022-04-05 21:49:00,099:INFO:discord.gateway: Shard ID None has connected to Gateway: ["gateway-prd-main-46cz",{"micros":115191,"calls":["discord-sessions-blue-prd-2-37",{"micros":113960,"calls":["start_session",{"micros":92782,"calls":["discord-api-6cbc6fd76c-z8gbc",{"micros":83949,"calls":["get_user",{"micros":12509},"add_authorized_ip",{"micros":3964},"get_guilds",{"micros":17260},"coros_wait",{"micros":3}]}]},"guilds_connect",{"micros":3,"calls":[]},"presence_connect",{"micros":1,"calls":[]}]}]}] (Session ID: b87256c234e544caf69d1e0982082756).
2022-04-05 21:49:00,106:DEBUG:discord.client: Dispatching event connect
2022-04-05 21:49:00,107:DEBUG:discord.client: Dispatching event socket_raw_receive
2022-04-05 21:49:00,107:DEBUG:discord.gateway: For Shard ID None: WebSocket Event: {'t': 'GUILD_CREATE', 's': 2, 'op': 0, 'd': {'premium_subscription_count': 0, 'banner': None, 'mfa_level': 0, 'joined_at': '2022-04-05T03:21:45.834000+00:00', 'unavailable': False, 'icon': None, 'name': "notpumpkinpye's server", 'embedded_activities': [], 'system_channel_flags': 0, 'features': [], 'application_command_counts': {'3': 0, '2': 0, '1': 0}, 'application_id': None, 'member_count': 5, 'vanity_url_code': None, 'max_video_channel_users': 25, 'nsfw_level': 0, 'channels': [{'type': 4, 'position': 0, 'permission_overwrites': [], 'name': 'Text Channels', 'id': '802351278843363329'}, {'type': 4, 'position': 0, 'permission_overwrites': [], 'name': 'Voice Channels', 'id': '802351278843363330'}, {'type': 0, 'topic': None, 'rate_limit_per_user': 0, 'position': 0, 'permission_overwrites': [{'type': 'role', 'id': '802351278843363328', 'deny_new': '65536', 'deny': 65536, 'allow_new': '0', 'allow': 0}], 'parent_id': '802351278843363329', 'nsfw': False, 'name': 'notes', 'last_message_id': '960741007408914502', 'id': '802351278843363331'}, {'user_limit': 0, 'type': 2, 'rtc_region': None, 'rate_limit_per_user': 0, 'position': 0, 'permission_overwrites': [], 'parent_id': '802351278843363330', 'name': 'General', 'last_message_id': None, 'id': '802351278843363332', 'bitrate': 64000}, {'type': 0, 'topic': None, 'rate_limit_per_user': 0, 'position': 1, 'permission_overwrites': [], 'parent_id': '802351278843363329', 'name': 'fact', 'last_message_id': '913243239887294474', 'id': '803309428584611880'}, {'type': 0, 'topic': None, 'rate_limit_per_user': 0, 'position': 2, 'permission_overwrites': [{'type': 'role', 'id': '802351278843363328', 'deny_new': '67584', 'deny': 67584, 'allow_new': '0', 'allow': 0}], 'parent_id': '802351278843363329', 'nsfw': False, 'name': 'pa', 'last_message_id': '842111453636853770', 'id': '803362823744126986'}, {'type': 0, 'topic': None, 'rate_limit_per_user': 0, 'position': 3, 'permission_overwrites': [{'type': 'role', 'id': '802351278843363328', 'deny_new': '67584', 'deny': 67584, 'allow_new': '0', 'allow': 0}], 'parent_id': '802351278843363329', 'nsfw': False, 'name': 'chem', 'last_message_id': '851841603881402368', 'id': '803678176949174314'}, {'type': 0, 'topic': None, 'rate_limit_per_user': 0, 'position': 4, 'permission_overwrites': [], 'name': 'testing', 'last_message_id': '961041587352252437', 'id': '959608014464245852'}, {'type': 0, 'topic': None, 'rate_limit_per_user': 0, 'position': 5, 'permission_overwrites': [], 'name': 'testing1', 'last_message_id': '961048886535938129', 'id': '959608240554008626'}, {'type': 0, 'topic': None, 'rate_limit_per_user': 0, 'position': 6, 'permission_overwrites': [], 'parent_id': '802351278843363329', 'name': 'chess', 'last_message_id': '961022007829491742', 'id': '960741055890874368'}], 'hub_type': None, 'stickers': [], 'nsfw': False, 'description': None, 'voice_states': [], 'threads': [], 'afk_timeout': 300, 'premium_tier': 0, 'explicit_content_filter': 0, 'presences': [], 'max_members': 500000, 'id': '802351278843363328', 'preferred_locale': 'en-US', 'premium_progress_bar_enabled': False, 'region': 'deprecated', 'guild_scheduled_events': [], 'discovery_splash': None, 'system_channel_id': '802351278843363331', 'rules_channel_id': None, 'guild_hashes': {'version': 1, 'roles': {'omitted': False, 'hash': 'JJhKtHQ3cQM'}, 'metadata': {'omitted': False, 'hash': 'dF6la+vrD6w'}, 'channels': {'omitted': False, 'hash': 'nE5U78pTeSE'}}, 'public_updates_channel_id': None, 'emojis': [{'roles': [], 'require_colons': True, 'name': 'blobreach', 'managed': False, 'id': '960733790433607712', 'available': True, 'animated': False}], 'large': False, 'members': [{'user': {'username': 'ChessBot', 'id': '960740724456980520', 'discriminator': '8864', 'bot': True, 'avatar': '55e61f2acc7f716ca6f0895603e45721'}, 'roles': ['960741007023018018'], 'mute': False, 'joined_at': '2022-04-05T03:21:45.834000+00:00', 'hoisted_role': None, 'flags': 0, 'deaf': False}], 'splash': None, 'afk_channel_id': None, 'roles': [{'unicode_emoji': None, 'tags': {}, 'position': 0, 'permissions_new': '1071698660929', 'permissions': 104320577, 'name': '@everyone', 'mentionable': False, 'managed': False, 'id': '802351278843363328', 'icon': None, 'hoist': False, 'color': 0}, {'unicode_emoji': None, 'tags': {'bot_id': '959562535751802931'}, 'position': 2, 'permissions_new': '8', 'permissions': 8, 'name': 'LearningTheRopes', 'mentionable': False, 'managed': True, 'id': '959563765068738595', 'icon': None, 'hoist': False, 'color': 0}, {'unicode_emoji': None, 'tags': {}, 'position': 1, 'permissions_new': '1071698660929', 'permissions': 104320577, 'name': 'admin', 'mentionable': False, 'managed': False, 'id': '959607646149804093', 'icon': None, 'hoist': False, 'color': 0}, {'unicode_emoji': None, 'tags': {'bot_id': '959611976957452288'}, 'position': 1, 'permissions_new': '8', 'permissions': 8, 'name': 'practice1', 'mentionable': False, 'managed': True, 'id': '959631759086075967', 'icon': None, 'hoist': False, 'color': 0}, {'unicode_emoji': None, 'tags': {'bot_id': '960740724456980520'}, 'position': 1, 'permissions_new': '8', 'permissions': 8, 'name': 'ChessBot', 'mentionable': False, 'managed': True, 'id': '960741007023018018', 'icon': None, 'hoist': False, 'color': 0}], 'lazy': True, 'verification_level': 0, 'default_message_notifications': 0, 'stage_instances': [], 'owner_id': '393896142204567554'}}
2022-04-05 21:49:00,110:DEBUG:discord.client: Dispatching event socket_response
2022-04-05 21:49:00,111:DEBUG:discord.client: Dispatching event socket_raw_receive
2022-04-05 21:49:00,112:DEBUG:discord.gateway: For Shard ID None: WebSocket Event: {'t': 'GUILD_CREATE', 's': 3, 'op': 0, 'd': {'premium_subscription_count': 0, 'banner': None, 'mfa_level': 0, 'joined_at': '2022-04-05T21:59:56.396716+00:00', 'unavailable': False, 'icon': None, 'name': "SKLR's Development Server", 'embedded_activities': [], 'system_channel_flags': 0, 'features': [], 'application_command_counts': {'3': 0, '2': 0, '1': 0}, 'application_id': None, 'member_count': 2, 'vanity_url_code': None, 'max_video_channel_users': 25, 'nsfw_level': 0, 'channels': [{'type': 4, 'position': 0, 'permission_overwrites': [], 'name': 'Text Channels', 'id': '961022230098239499'}, {'type': 4, 'position': 0, 'permission_overwrites': [], 'name': 'Voice Channels', 'id': '961022230098239500'}, {'type': 0, 'topic': None, 'rate_limit_per_user': 0, 'position': 0, 'permission_overwrites': [], 'parent_id': '961022230098239499', 'name': 'general', 'last_message_id': '961125382143246367', 'id': '961022230098239501'}, {'user_limit': 0, 'type': 2, 'rtc_region': None, 'rate_limit_per_user': 0, 'position': 0, 'permission_overwrites': [], 'parent_id': '961022230098239500', 'name': 'General', 'last_message_id': None, 'id': '961022230098239502', 'bitrate': 64000}, {'type': 0, 'topic': None, 'rate_limit_per_user': 0, 'position': 1, 'permission_overwrites': [{'type': 'role', 'id': '961022230098239498', 'deny_new': '65536', 'deny': 65536, 'allow_new': '0', 'allow': 0}], 'parent_id': '961022230098239499', 'nsfw': False, 'name': 'chess-logs', 'last_message_id': '961125380515823647', 'id': '961025712276525267'}], 'hub_type': None, 'stickers': [], 'nsfw': False, 'description': None, 'voice_states': [], 'threads': [], 'afk_timeout': 300, 'premium_tier': 0, 'explicit_content_filter': 0, 'presences': [], 'max_members': 500000, 'id': '961022230098239498', 'preferred_locale': 'en-US', 'premium_progress_bar_enabled': False, 'region': 'deprecated', 'guild_scheduled_events': [], 'discovery_splash': None, 'system_channel_id': '961022230098239501', 'rules_channel_id': None, 'guild_hashes': {'version': 1, 'roles': {'omitted': False, 'hash': 'T7MYKc5j4Yg'}, 'metadata': {'omitted': False, 'hash': 'x+5l37ic9Rc'}, 'channels': {'omitted': False, 'hash': 'i1PeBX42D/w'}}, 'public_updates_channel_id': None, 'emojis': [{'roles': [], 'require_colons': True, 'name': '1_', 'managed': False, 'id': '961051119147184208', 'available': True, 'animated': False}, {'roles': [], 'require_colons': True, 'name': '2_', 'managed': False, 'id': '961053173274001428', 'available': True, 'animated': False}, {'roles': [], 'require_colons': True, 'name': '3_', 'managed': False, 'id': '961053183403233360', 'available': True, 'animated': False}, {'roles': [], 'require_colons': True, 'name': '4_', 'managed': False, 'id': '961053195965190245', 'available': True, 'animated': False}, {'roles': [], 'require_colons': True, 'name': '5_', 'managed': False, 'id': '961053205121343568', 'available': True, 'animated': False}, {'roles': [], 'require_colons': True, 'name': '6_', 'managed': False, 'id': '961053218983514142', 'available': True, 'animated': False}, {'roles': [], 'require_colons': True, 'name': '7_', 'managed': False, 'id': '961053226742997112', 'available': True, 'animated': False}, {'roles': [], 'require_colons': True, 'name': '8_', 'managed': False, 'id': '961053233462272150', 'available': True, 'animated': False}, {'roles': [], 'require_colons': True, 'name': 'A_', 'managed': False, 'id': '961053247827763230', 'available': True, 'animated': False}, {'roles': [], 'require_colons': True, 'name': 'B_', 'managed': False, 'id': '961053255264272405', 'available': True, 'animated': False}, {'roles': [], 'require_colons': True, 'name': 'C_', 'managed': False, 'id': '961053262679785552', 'available': True, 'animated': False}, {'roles': [], 'require_colons': True, 'name': 'D_', 'managed': False, 'id': '961053270703476736', 'available': True, 'animated': False}, {'roles': [], 'require_colons': True, 'name': 'E_', 'managed': False, 'id': '961053278072889395', 'available': True, 'animated': False}, {'roles': [], 'require_colons': True, 'name': 'F_', 'managed': False, 'id': '961053285349982228', 'available': True, 'animated': False}, {'roles': [], 'require_colons': True, 'name': 'G_', 'managed': False, 'id': '961053407513280512', 'available': True, 'animated': False}, {'roles': [], 'require_colons': True, 'name': 'H_', 'managed': False, 'id': '961053415193075783', 'available': True, 'animated': False}], 'large': False, 'members': [{'user': {'username': 'ChessBot', 'id': '960740724456980520', 'discriminator': '8864', 'bot': True, 'avatar': '55e61f2acc7f716ca6f0895603e45721'}, 'roles': ['961022405264936973'], 'premium_since': None, 'pending': False, 'nick': None, 'mute': False, 'joined_at': '2022-04-05T21:59:56.396716+00:00', 'hoisted_role': None, 'flags': 0, 'deaf': False, 'communication_disabled_until': None, 'avatar': None}], 'splash': None, 'afk_channel_id': None, 'roles': [{'unicode_emoji': None, 'tags': {}, 'position': 0, 'permissions_new': '1071698660929', 'permissions': 104320577, 'name': '@everyone', 'mentionable': False, 'managed': False, 'id': '961022230098239498', 'icon': None, 'hoist': False, 'color': 0}, {'unicode_emoji': None, 'tags': {'bot_id': '960740724456980520'}, 'position': 1, 'permissions_new': '8', 'permissions': 8, 'name': 'ChessBot', 'mentionable': False, 'managed': True, 'id': '961022405264936973', 'icon': None, 'hoist': False, 'color': 0}], 'lazy': True, 'verification_level': 0, 'default_message_notifications': 0, 'stage_instances': [], 'owner_id': '393896142204567554'}}
2022-04-05 21:49:00,115:DEBUG:discord.client: Dispatching event socket_response
2022-04-05 21:49:00,116:DEBUG:discord.client: Dispatching event guild_available
2022-04-05 21:49:00,116:DEBUG:discord.client: Dispatching event guild_available
2022-04-05 21:49:01,043:DEBUG:discord.client: Dispatching event socket_raw_receive
2022-04-05 21:49:01,043:DEBUG:discord.gateway: For Shard ID None: WebSocket Event: {'t': 'MESSAGE_CREATE', 's': 4, 'op': 0, 'd': {'type': 0, 'tts': False, 'timestamp': '2022-04-06T04:49:29.107000+00:00', 'referenced_message': None, 'pinned': False, 'nonce': '961125352577433600', 'mentions': [], 'mention_roles': [], 'mention_everyone': False, 'member': {'roles': [], 'mute': False, 'joined_at': '2022-04-05T21:59:14.597000+00:00', 'hoisted_role': None, 'flags': 0, 'deaf': False}, 'id': '961125470886326272', 'flags': 0, 'embeds': [], 'edited_timestamp': None, 'content': '!p', 'components': [], 'channel_id': '961022230098239501', 'author': {'username': 'notpumpkinpye', 'public_flags': 0, 'id': '393896142204567554', 'discriminator': '4573', 'avatar': 'c550167c425f61aa36027d7423921348'}, 'attachments': [], 'guild_id': '961022230098239498'}}
2022-04-05 21:49:01,044:DEBUG:discord.client: Dispatching event socket_response
2022-04-05 21:49:01,045:DEBUG:discord.client: Dispatching event message
2022-04-05 21:49:01,045:DEBUG:discord.client: Dispatching event command
2022-04-05 21:49:01,251:DEBUG:discord.client: Dispatching event socket_raw_receive
2022-04-05 21:49:01,252:DEBUG:discord.gateway: For Shard ID None: WebSocket Event: {'t': 'MESSAGE_CREATE', 's': 5, 'op': 0, 'd': {'type': 0, 'tts': False, 'timestamp': '2022-04-06T04:49:29.248000+00:00', 'referenced_message': None, 'pinned': False, 'mentions': [], 'mention_roles': [], 'mention_everyone': False, 'member': {'roles': ['961022405264936973'], 'premium_since': None, 'pending': False, 'nick': None, 'mute': False, 'joined_at': '2022-04-05T21:59:56.396716+00:00', 'hoisted_role': None, 'flags': 0, 'deaf': False, 'communication_disabled_until': None, 'avatar': None}, 'id': '961125471477723177', 'flags': 0, 'embeds': [], 'edited_timestamp': None, 'content': '', 'components': [], 'channel_id': '961025712276525267', 'author': {'username': 'ChessBot', 'public_flags': 0, 'id': '960740724456980520', 'discriminator': '8864', 'bot': True, 'avatar': '55e61f2acc7f716ca6f0895603e45721'}, 'attachments': [{'width': 576, 'url': 'https://cdn.discordapp.com/attachments/961025712276525267/961125471549009980/board.png', 'size': 26552, 'proxy_url': 'https://media.discordapp.net/attachments/961025712276525267/961125471549009980/board.png', 'id': '961125471549009980', 'height': 576, 'filename': 'board.png', 'content_type': 'image/png'}], 'guild_id': '961022230098239498'}}
2022-04-05 21:49:01,256:DEBUG:discord.client: Dispatching event socket_response
2022-04-05 21:49:01,257:DEBUG:discord.client: Dispatching event message
2022-04-05 21:49:01,300:DEBUG:discord.http: POST https://discord.com/api/v7/channels/961025712276525267/messages with <aiohttp.formdata.FormData object at 0x000001C2703C1AB0> has returned 200
2022-04-05 21:49:01,300:DEBUG:discord.http: POST https://discord.com/api/v7/channels/961025712276525267/messages has received {'id': '961125471477723177', 'type': 0, 'content': '', 'channel_id': '961025712276525267', 'author': {'id': '960740724456980520', 'username': 'ChessBot', 'avatar': '55e61f2acc7f716ca6f0895603e45721', 'discriminator': '8864', 'public_flags': 0, 'bot': True}, 'attachments': [{'id': '961125471549009980', 'filename': 'board.png', 'size': 26552, 'url': 'https://cdn.discordapp.com/attachments/961025712276525267/961125471549009980/board.png', 'proxy_url': 'https://media.discordapp.net/attachments/961025712276525267/961125471549009980/board.png', 'width': 576, 'height': 576, 'content_type': 'image/png'}], 'embeds': [], 'mentions': [], 'mention_roles': [], 'pinned': False, 'mention_everyone': False, 'tts': False, 'timestamp': '2022-04-06T04:49:29.248000+00:00', 'edited_timestamp': None, 'flags': 0, 'components': [], 'referenced_message': None}
2022-04-05 21:49:01,521:DEBUG:discord.client: Dispatching event socket_raw_receive
2022-04-05 21:49:01,521:DEBUG:discord.gateway: For Shard ID None: WebSocket Event: {'t': 'MESSAGE_CREATE', 's': 6, 'op': 0, 'd': {'type': 0, 'tts': False, 'timestamp': '2022-04-06T04:49:29.544000+00:00', 'referenced_message': None, 'pinned': False, 'mentions': [], 'mention_roles': [], 'mention_everyone': False, 'member': {'roles': ['961022405264936973'], 'premium_since': None, 'pending': False, 'nick': None, 'mute': False, 'joined_at': '2022-04-05T21:59:56.396716+00:00', 'hoisted_role': None, 'flags': 0, 'deaf': False, 'communication_disabled_until': None, 'avatar': None}, 'id': '961125472719228938', 'flags': 0, 'embeds': [], 'edited_timestamp': None, 'content': 'https://cdn.discordapp.com/attachments/961025712276525267/961125471549009980/board.png', 'components': [], 'channel_id': '961022230098239501', 'author': {'username': 'ChessBot', 'public_flags': 0, 'id': '960740724456980520', 'discriminator': '8864', 'bot': True, 'avatar': '55e61f2acc7f716ca6f0895603e45721'}, 'attachments': [], 'guild_id': '961022230098239498'}}
2022-04-05 21:49:01,522:DEBUG:discord.client: Dispatching event socket_response
2022-04-05 21:49:01,523:DEBUG:discord.client: Dispatching event message
2022-04-05 21:49:01,553:DEBUG:discord.http: POST https://discord.com/api/v7/channels/961022230098239501/messages with {"content":"https://cdn.discordapp.com/attachments/961025712276525267/961125471549009980/board.png"} has returned 200
2022-04-05 21:49:01,554:DEBUG:discord.http: POST https://discord.com/api/v7/channels/961022230098239501/messages has received {'id': '961125472719228938', 'type': 0, 'content': 'https://cdn.discordapp.com/attachments/961025712276525267/961125471549009980/board.png', 'channel_id': '961022230098239501', 'author': {'id': '960740724456980520', 'username': 'ChessBot', 'avatar': '55e61f2acc7f716ca6f0895603e45721', 'discriminator': '8864', 'public_flags': 0, 'bot': True}, 'attachments': [], 'embeds': [], 'mentions': [], 'mention_roles': [], 'pinned': False, 'mention_everyone': False, 'tts': False, 'timestamp': '2022-04-06T04:49:29.544000+00:00', 'edited_timestamp': None, 'flags': 0, 'components': [], 'referenced_message': None}
2022-04-05 21:49:01,657:DEBUG:discord.client: Dispatching event socket_raw_receive
2022-04-05 21:49:01,657:DEBUG:discord.gateway: For Shard ID None: WebSocket Event: {'t': 'MESSAGE_UPDATE', 's': 7, 'op': 0, 'd': {'id': '961125472719228938', 'embeds': [{'url': 'https://cdn.discordapp.com/attachments/961025712276525267/961125471549009980/board.png', 'type': 'image', 'thumbnail': {'width': 576, 'url': 'https://cdn.discordapp.com/attachments/961025712276525267/961125471549009980/board.png', 'proxy_url': 'https://media.discordapp.net/attachments/961025712276525267/961125471549009980/board.png', 'height': 576}}], 'channel_id': '961022230098239501', 'guild_id': '961022230098239498'}}
2022-04-05 21:49:01,658:DEBUG:discord.client: Dispatching event socket_response
2022-04-05 21:49:01,658:DEBUG:discord.client: Dispatching event raw_message_edit
2022-04-05 21:49:01,658:DEBUG:discord.client: Dispatching event message_edit
2022-04-05 21:49:01,698:DEBUG:discord.client: Dispatching event socket_raw_receive
2022-04-05 21:49:01,698:DEBUG:discord.gateway: For Shard ID None: WebSocket Event: {'t': 'MESSAGE_CREATE', 's': 8, 'op': 0, 'd': {'type': 0, 'tts': False, 'timestamp': '2022-04-06T04:49:29.751000+00:00', 'referenced_message': None, 'pinned': False, 'mentions': [], 'mention_roles': [], 'mention_everyone': False, 'member': {'roles': ['961022405264936973'], 'premium_since': None, 'pending': False, 'nick': None, 'mute': False, 'joined_at': '2022-04-05T21:59:56.396716+00:00', 'hoisted_role': None, 'flags': 0, 'deaf': False, 'communication_disabled_until': None, 'avatar': None}, 'id': '961125473587458108', 'flags': 0, 'embeds': [], 'edited_timestamp': None, 'content': '** **', 'components': [], 'channel_id': '961022230098239501', 'author': {'username': 'ChessBot', 'public_flags': 0, 'id': '960740724456980520', 'discriminator': '8864', 'bot': True, 'avatar': '55e61f2acc7f716ca6f0895603e45721'}, 'attachments': [], 'guild_id': '961022230098239498'}}
2022-04-05 21:49:01,699:DEBUG:discord.client: Dispatching event socket_response
2022-04-05 21:49:01,699:DEBUG:discord.client: Dispatching event message
2022-04-05 21:49:01,711:DEBUG:discord.http: POST https://discord.com/api/v7/channels/961022230098239501/messages with {"content":"** **"} has returned 200
2022-04-05 21:49:01,712:DEBUG:discord.http: POST https://discord.com/api/v7/channels/961022230098239501/messages has received {'id': '961125473587458108', 'type': 0, 'content': '** **', 'channel_id': '961022230098239501', 'author': {'id': '960740724456980520', 'username': 'ChessBot', 'avatar': '55e61f2acc7f716ca6f0895603e45721', 'discriminator': '8864', 'public_flags': 0, 'bot': True}, 'attachments': [], 'embeds': [], 'mentions': [], 'mention_roles': [], 'pinned': False, 'mention_everyone': False, 'tts': False, 'timestamp': '2022-04-06T04:49:29.751000+00:00', 'edited_timestamp': None, 'flags': 0, 'components': [], 'referenced_message': None}
2022-04-05 21:49:01,829:DEBUG:discord.http: PUT https://discord.com/api/v7/channels/961022230098239501/messages/961125472719228938/reactions/%F0%9F%87%A6/@me with None has returned 204
2022-04-05 21:49:01,829:DEBUG:discord.http: A rate limit bucket has been exhausted (bucket: 961022230098239501:None:/channels/{channel_id}/messages/{message_id}/reactions/{emoji}/@me, retry: 0.25).
2022-04-05 21:49:01,830:DEBUG:discord.http: PUT https://discord.com/api/v7/channels/961022230098239501/messages/961125472719228938/reactions/%F0%9F%87%A6/@me has received 
2022-04-05 21:49:01,842:DEBUG:discord.client: Dispatching event socket_raw_receive
2022-04-05 21:49:01,842:DEBUG:discord.gateway: For Shard ID None: WebSocket Event: {'t': 'MESSAGE_REACTION_ADD', 's': 9, 'op': 0, 'd': {'user_id': '960740724456980520', 'message_id': '961125472719228938', 'member': {'user': {'username': 'ChessBot', 'id': '960740724456980520', 'discriminator': '8864', 'bot': True, 'avatar': '55e61f2acc7f716ca6f0895603e45721'}, 'roles': ['961022405264936973'], 'premium_since': None, 'pending': False, 'nick': None, 'mute': False, 'joined_at': '2022-04-05T21:59:56.396716+00:00', 'hoisted_role': None, 'flags': 0, 'deaf': False, 'communication_disabled_until': None, 'avatar': None}, 'emoji': {'name': '🇦', 'id': None}, 'channel_id': '961022230098239501', 'guild_id': '961022230098239498'}}
2022-04-05 21:49:01,843:DEBUG:discord.client: Dispatching event socket_response
2022-04-05 21:49:01,843:DEBUG:discord.client: Dispatching event raw_reaction_add
2022-04-05 21:49:01,844:DEBUG:discord.client: Dispatching event reaction_add
2022-04-05 21:49:02,135:DEBUG:discord.client: Dispatching event ready
2022-04-05 21:49:02,905:DEBUG:discord.http: PUT https://discord.com/api/v7/channels/961022230098239501/messages/961125472719228938/reactions/%F0%9F%87%A7/@me with None has returned 204
2022-04-05 21:49:02,905:DEBUG:discord.http: A rate limit bucket has been exhausted (bucket: 961022230098239501:None:/channels/{channel_id}/messages/{message_id}/reactions/{emoji}/@me, retry: 0.25).
2022-04-05 21:49:02,906:DEBUG:discord.http: PUT https://discord.com/api/v7/channels/961022230098239501/messages/961125472719228938/reactions/%F0%9F%87%A7/@me has received 
2022-04-05 21:49:02,907:DEBUG:discord.client: Dispatching event socket_raw_receive
2022-04-05 21:49:02,907:DEBUG:discord.gateway: For Shard ID None: WebSocket Event: {'t': 'MESSAGE_REACTION_ADD', 's': 10, 'op': 0, 'd': {'user_id': '960740724456980520', 'message_id': '961125472719228938', 'member': {'user': {'username': 'ChessBot', 'id': '960740724456980520', 'discriminator': '8864', 'bot': True, 'avatar': '55e61f2acc7f716ca6f0895603e45721'}, 'roles': ['961022405264936973'], 'premium_since': None, 'pending': False, 'nick': None, 'mute': False, 'joined_at': '2022-04-05T21:59:56.396716+00:00', 'hoisted_role': None, 'flags': 0, 'deaf': False, 'communication_disabled_until': None, 'avatar': None}, 'emoji': {'name': '🇧', 'id': None}, 'channel_id': '961022230098239501', 'guild_id': '961022230098239498'}}
2022-04-05 21:49:02,908:DEBUG:discord.client: Dispatching event socket_response
2022-04-05 21:49:02,909:DEBUG:discord.client: Dispatching event raw_reaction_add
2022-04-05 21:49:02,909:DEBUG:discord.client: Dispatching event reaction_add
2022-04-05 21:49:03,329:DEBUG:discord.http: PUT https://discord.com/api/v7/channels/961022230098239501/messages/961125472719228938/reactions/%F0%9F%87%A8/@me with None has returned 204
2022-04-05 21:49:03,329:DEBUG:discord.http: A rate limit bucket has been exhausted (bucket: 961022230098239501:None:/channels/{channel_id}/messages/{message_id}/reactions/{emoji}/@me, retry: 0.25).
2022-04-05 21:49:03,329:DEBUG:discord.http: PUT https://discord.com/api/v7/channels/961022230098239501/messages/961125472719228938/reactions/%F0%9F%87%A8/@me has received 
2022-04-05 21:49:03,339:DEBUG:discord.client: Dispatching event socket_raw_receive
2022-04-05 21:49:03,339:DEBUG:discord.gateway: For Shard ID None: WebSocket Event: {'t': 'MESSAGE_REACTION_ADD', 's': 11, 'op': 0, 'd': {'user_id': '960740724456980520', 'message_id': '961125472719228938', 'member': {'user': {'username': 'ChessBot', 'id': '960740724456980520', 'discriminator': '8864', 'bot': True, 'avatar': '55e61f2acc7f716ca6f0895603e45721'}, 'roles': ['961022405264936973'], 'premium_since': None, 'pending': False, 'nick': None, 'mute': False, 'joined_at': '2022-04-05T21:59:56.396716+00:00', 'hoisted_role': None, 'flags': 0, 'deaf': False, 'communication_disabled_until': None, 'avatar': None}, 'emoji': {'name': '🇨', 'id': None}, 'channel_id': '961022230098239501', 'guild_id': '961022230098239498'}}
2022-04-05 21:49:03,340:DEBUG:discord.client: Dispatching event socket_response
2022-04-05 21:49:03,340:DEBUG:discord.client: Dispatching event raw_reaction_add
2022-04-05 21:49:03,340:DEBUG:discord.client: Dispatching event reaction_add
2022-04-05 21:49:03,750:DEBUG:discord.client: Dispatching event socket_raw_receive
2022-04-05 21:49:03,750:DEBUG:discord.gateway: For Shard ID None: WebSocket Event: {'t': 'MESSAGE_REACTION_ADD', 's': 12, 'op': 0, 'd': {'user_id': '960740724456980520', 'message_id': '961125472719228938', 'member': {'user': {'username': 'ChessBot', 'id': '960740724456980520', 'discriminator': '8864', 'bot': True, 'avatar': '55e61f2acc7f716ca6f0895603e45721'}, 'roles': ['961022405264936973'], 'premium_since': None, 'pending': False, 'nick': None, 'mute': False, 'joined_at': '2022-04-05T21:59:56.396716+00:00', 'hoisted_role': None, 'flags': 0, 'deaf': False, 'communication_disabled_until': None, 'avatar': None}, 'emoji': {'name': '🇩', 'id': None}, 'channel_id': '961022230098239501', 'guild_id': '961022230098239498'}}
2022-04-05 21:49:03,750:DEBUG:discord.client: Dispatching event socket_response
2022-04-05 21:49:03,751:DEBUG:discord.client: Dispatching event raw_reaction_add
2022-04-05 21:49:03,751:DEBUG:discord.client: Dispatching event reaction_add
2022-04-05 21:49:03,754:DEBUG:discord.http: PUT https://discord.com/api/v7/channels/961022230098239501/messages/961125472719228938/reactions/%F0%9F%87%A9/@me with None has returned 204
2022-04-05 21:49:03,754:DEBUG:discord.http: A rate limit bucket has been exhausted (bucket: 961022230098239501:None:/channels/{channel_id}/messages/{message_id}/reactions/{emoji}/@me, retry: 0.25).
2022-04-05 21:49:03,754:DEBUG:discord.http: PUT https://discord.com/api/v7/channels/961022230098239501/messages/961125472719228938/reactions/%F0%9F%87%A9/@me has received 
2022-04-05 21:49:04,183:DEBUG:discord.http: PUT https://discord.com/api/v7/channels/961022230098239501/messages/961125472719228938/reactions/%F0%9F%87%AA/@me with None has returned 204
2022-04-05 21:49:04,183:DEBUG:discord.http: A rate limit bucket has been exhausted (bucket: 961022230098239501:None:/channels/{channel_id}/messages/{message_id}/reactions/{emoji}/@me, retry: 0.25).
2022-04-05 21:49:04,184:DEBUG:discord.http: PUT https://discord.com/api/v7/channels/961022230098239501/messages/961125472719228938/reactions/%F0%9F%87%AA/@me has received 
2022-04-05 21:49:04,184:DEBUG:discord.client: Dispatching event socket_raw_receive
2022-04-05 21:49:04,184:DEBUG:discord.gateway: For Shard ID None: WebSocket Event: {'t': 'MESSAGE_REACTION_ADD', 's': 13, 'op': 0, 'd': {'user_id': '960740724456980520', 'message_id': '961125472719228938', 'member': {'user': {'username': 'ChessBot', 'id': '960740724456980520', 'discriminator': '8864', 'bot': True, 'avatar': '55e61f2acc7f716ca6f0895603e45721'}, 'roles': ['961022405264936973'], 'premium_since': None, 'pending': False, 'nick': None, 'mute': False, 'joined_at': '2022-04-05T21:59:56.396716+00:00', 'hoisted_role': None, 'flags': 0, 'deaf': False, 'communication_disabled_until': None, 'avatar': None}, 'emoji': {'name': '🇪', 'id': None}, 'channel_id': '961022230098239501', 'guild_id': '961022230098239498'}}
2022-04-05 21:49:04,185:DEBUG:discord.client: Dispatching event socket_response
2022-04-05 21:49:04,186:DEBUG:discord.client: Dispatching event raw_reaction_add
2022-04-05 21:49:04,186:DEBUG:discord.client: Dispatching event reaction_add
2022-04-05 21:49:04,625:DEBUG:discord.http: PUT https://discord.com/api/v7/channels/961022230098239501/messages/961125472719228938/reactions/%F0%9F%87%AB/@me with None has returned 204
2022-04-05 21:49:04,625:DEBUG:discord.http: A rate limit bucket has been exhausted (bucket: 961022230098239501:None:/channels/{channel_id}/messages/{message_id}/reactions/{emoji}/@me, retry: 0.25).
2022-04-05 21:49:04,626:DEBUG:discord.http: PUT https://discord.com/api/v7/channels/961022230098239501/messages/961125472719228938/reactions/%F0%9F%87%AB/@me has received 
2022-04-05 21:49:04,626:DEBUG:discord.client: Dispatching event socket_raw_receive
2022-04-05 21:49:04,627:DEBUG:discord.gateway: For Shard ID None: WebSocket Event: {'t': 'MESSAGE_REACTION_ADD', 's': 14, 'op': 0, 'd': {'user_id': '960740724456980520', 'message_id': '961125472719228938', 'member': {'user': {'username': 'ChessBot', 'id': '960740724456980520', 'discriminator': '8864', 'bot': True, 'avatar': '55e61f2acc7f716ca6f0895603e45721'}, 'roles': ['961022405264936973'], 'premium_since': None, 'pending': False, 'nick': None, 'mute': False, 'joined_at': '2022-04-05T21:59:56.396716+00:00', 'hoisted_role': None, 'flags': 0, 'deaf': False, 'communication_disabled_until': None, 'avatar': None}, 'emoji': {'name': '🇫', 'id': None}, 'channel_id': '961022230098239501', 'guild_id': '961022230098239498'}}
2022-04-05 21:49:04,627:DEBUG:discord.client: Dispatching event socket_response
2022-04-05 21:49:04,628:DEBUG:discord.client: Dispatching event raw_reaction_add
2022-04-05 21:49:04,628:DEBUG:discord.client: Dispatching event reaction_add
2022-04-05 21:49:05,029:DEBUG:discord.http: PUT https://discord.com/api/v7/channels/961022230098239501/messages/961125472719228938/reactions/%F0%9F%87%AC/@me with None has returned 204
2022-04-05 21:49:05,030:DEBUG:discord.http: A rate limit bucket has been exhausted (bucket: 961022230098239501:None:/channels/{channel_id}/messages/{message_id}/reactions/{emoji}/@me, retry: 0.25).
2022-04-05 21:49:05,030:DEBUG:discord.http: PUT https://discord.com/api/v7/channels/961022230098239501/messages/961125472719228938/reactions/%F0%9F%87%AC/@me has received 
2022-04-05 21:49:05,051:DEBUG:discord.client: Dispatching event socket_raw_receive
2022-04-05 21:49:05,051:DEBUG:discord.gateway: For Shard ID None: WebSocket Event: {'t': 'MESSAGE_REACTION_ADD', 's': 15, 'op': 0, 'd': {'user_id': '960740724456980520', 'message_id': '961125472719228938', 'member': {'user': {'username': 'ChessBot', 'id': '960740724456980520', 'discriminator': '8864', 'bot': True, 'avatar': '55e61f2acc7f716ca6f0895603e45721'}, 'roles': ['961022405264936973'], 'premium_since': None, 'pending': False, 'nick': None, 'mute': False, 'joined_at': '2022-04-05T21:59:56.396716+00:00', 'hoisted_role': None, 'flags': 0, 'deaf': False, 'communication_disabled_until': None, 'avatar': None}, 'emoji': {'name': '🇬', 'id': None}, 'channel_id': '961022230098239501', 'guild_id': '961022230098239498'}}
2022-04-05 21:49:05,052:DEBUG:discord.client: Dispatching event socket_response
2022-04-05 21:49:05,052:DEBUG:discord.client: Dispatching event raw_reaction_add
2022-04-05 21:49:05,052:DEBUG:discord.client: Dispatching event reaction_add
2022-04-05 21:49:05,475:DEBUG:discord.http: PUT https://discord.com/api/v7/channels/961022230098239501/messages/961125472719228938/reactions/%F0%9F%87%AD/@me with None has returned 204
2022-04-05 21:49:05,475:DEBUG:discord.http: A rate limit bucket has been exhausted (bucket: 961022230098239501:None:/channels/{channel_id}/messages/{message_id}/reactions/{emoji}/@me, retry: 0.25).
2022-04-05 21:49:05,476:DEBUG:discord.http: PUT https://discord.com/api/v7/channels/961022230098239501/messages/961125472719228938/reactions/%F0%9F%87%AD/@me has received 
2022-04-05 21:49:05,479:DEBUG:discord.client: Dispatching event socket_raw_receive
2022-04-05 21:49:05,479:DEBUG:discord.gateway: For Shard ID None: WebSocket Event: {'t': 'MESSAGE_REACTION_ADD', 's': 16, 'op': 0, 'd': {'user_id': '960740724456980520', 'message_id': '961125472719228938', 'member': {'user': {'username': 'ChessBot', 'id': '960740724456980520', 'discriminator': '8864', 'bot': True, 'avatar': '55e61f2acc7f716ca6f0895603e45721'}, 'roles': ['961022405264936973'], 'premium_since': None, 'pending': False, 'nick': None, 'mute': False, 'joined_at': '2022-04-05T21:59:56.396716+00:00', 'hoisted_role': None, 'flags': 0, 'deaf': False, 'communication_disabled_until': None, 'avatar': None}, 'emoji': {'name': '🇭', 'id': None}, 'channel_id': '961022230098239501', 'guild_id': '961022230098239498'}}
2022-04-05 21:49:05,480:DEBUG:discord.client: Dispatching event socket_response
2022-04-05 21:49:05,480:DEBUG:discord.client: Dispatching event raw_reaction_add
2022-04-05 21:49:05,480:DEBUG:discord.client: Dispatching event reaction_add
2022-04-05 21:49:05,910:DEBUG:discord.client: Dispatching event socket_raw_receive
2022-04-05 21:49:05,911:DEBUG:discord.gateway: For Shard ID None: WebSocket Event: {'t': 'MESSAGE_REACTION_ADD', 's': 17, 'op': 0, 'd': {'user_id': '960740724456980520', 'message_id': '961125473587458108', 'member': {'user': {'username': 'ChessBot', 'id': '960740724456980520', 'discriminator': '8864', 'bot': True, 'avatar': '55e61f2acc7f716ca6f0895603e45721'}, 'roles': ['961022405264936973'], 'premium_since': None, 'pending': False, 'nick': None, 'mute': False, 'joined_at': '2022-04-05T21:59:56.396716+00:00', 'hoisted_role': None, 'flags': 0, 'deaf': False, 'communication_disabled_until': None, 'avatar': None}, 'emoji': {'name': '1️⃣', 'id': None}, 'channel_id': '961022230098239501', 'guild_id': '961022230098239498'}}
2022-04-05 21:49:05,914:DEBUG:discord.client: Dispatching event socket_response
2022-04-05 21:49:05,915:DEBUG:discord.client: Dispatching event raw_reaction_add
2022-04-05 21:49:05,916:DEBUG:discord.client: Dispatching event reaction_add
2022-04-05 21:49:05,920:DEBUG:discord.http: PUT https://discord.com/api/v7/channels/961022230098239501/messages/961125473587458108/reactions/1%EF%B8%8F%E2%83%A3/@me with None has returned 204
2022-04-05 21:49:05,921:DEBUG:discord.http: A rate limit bucket has been exhausted (bucket: 961022230098239501:None:/channels/{channel_id}/messages/{message_id}/reactions/{emoji}/@me, retry: 0.25).
2022-04-05 21:49:05,923:DEBUG:discord.http: PUT https://discord.com/api/v7/channels/961022230098239501/messages/961125473587458108/reactions/1%EF%B8%8F%E2%83%A3/@me has received 
2022-04-05 21:49:06,332:DEBUG:discord.http: PUT https://discord.com/api/v7/channels/961022230098239501/messages/961125473587458108/reactions/2%EF%B8%8F%E2%83%A3/@me with None has returned 204
2022-04-05 21:49:06,332:DEBUG:discord.http: A rate limit bucket has been exhausted (bucket: 961022230098239501:None:/channels/{channel_id}/messages/{message_id}/reactions/{emoji}/@me, retry: 0.25).
2022-04-05 21:49:06,332:DEBUG:discord.http: PUT https://discord.com/api/v7/channels/961022230098239501/messages/961125473587458108/reactions/2%EF%B8%8F%E2%83%A3/@me has received 
2022-04-05 21:49:06,333:DEBUG:discord.client: Dispatching event socket_raw_receive
2022-04-05 21:49:06,333:DEBUG:discord.gateway: For Shard ID None: WebSocket Event: {'t': 'MESSAGE_REACTION_ADD', 's': 18, 'op': 0, 'd': {'user_id': '960740724456980520', 'message_id': '961125473587458108', 'member': {'user': {'username': 'ChessBot', 'id': '960740724456980520', 'discriminator': '8864', 'bot': True, 'avatar': '55e61f2acc7f716ca6f0895603e45721'}, 'roles': ['961022405264936973'], 'premium_since': None, 'pending': False, 'nick': None, 'mute': False, 'joined_at': '2022-04-05T21:59:56.396716+00:00', 'hoisted_role': None, 'flags': 0, 'deaf': False, 'communication_disabled_until': None, 'avatar': None}, 'emoji': {'name': '2️⃣', 'id': None}, 'channel_id': '961022230098239501', 'guild_id': '961022230098239498'}}
2022-04-05 21:49:06,334:DEBUG:discord.client: Dispatching event socket_response
2022-04-05 21:49:06,334:DEBUG:discord.client: Dispatching event raw_reaction_add
2022-04-05 21:49:06,334:DEBUG:discord.client: Dispatching event reaction_add
2022-04-05 21:49:06,735:DEBUG:discord.client: Dispatching event socket_raw_receive
2022-04-05 21:49:06,735:DEBUG:discord.gateway: For Shard ID None: WebSocket Event: {'t': 'MESSAGE_REACTION_ADD', 's': 19, 'op': 0, 'd': {'user_id': '960740724456980520', 'message_id': '961125473587458108', 'member': {'user': {'username': 'ChessBot', 'id': '960740724456980520', 'discriminator': '8864', 'bot': True, 'avatar': '55e61f2acc7f716ca6f0895603e45721'}, 'roles': ['961022405264936973'], 'premium_since': None, 'pending': False, 'nick': None, 'mute': False, 'joined_at': '2022-04-05T21:59:56.396716+00:00', 'hoisted_role': None, 'flags': 0, 'deaf': False, 'communication_disabled_until': None, 'avatar': None}, 'emoji': {'name': '3️⃣', 'id': None}, 'channel_id': '961022230098239501', 'guild_id': '961022230098239498'}}
2022-04-05 21:49:06,736:DEBUG:discord.client: Dispatching event socket_response
2022-04-05 21:49:06,736:DEBUG:discord.client: Dispatching event raw_reaction_add
2022-04-05 21:49:06,736:DEBUG:discord.client: Dispatching event reaction_add
2022-04-05 21:49:06,742:DEBUG:discord.http: PUT https://discord.com/api/v7/channels/961022230098239501/messages/961125473587458108/reactions/3%EF%B8%8F%E2%83%A3/@me with None has returned 204
2022-04-05 21:49:06,742:DEBUG:discord.http: A rate limit bucket has been exhausted (bucket: 961022230098239501:None:/channels/{channel_id}/messages/{message_id}/reactions/{emoji}/@me, retry: 0.25).
2022-04-05 21:49:06,743:DEBUG:discord.http: PUT https://discord.com/api/v7/channels/961022230098239501/messages/961125473587458108/reactions/3%EF%B8%8F%E2%83%A3/@me has received 
2022-04-05 21:49:07,158:DEBUG:discord.http: PUT https://discord.com/api/v7/channels/961022230098239501/messages/961125473587458108/reactions/4%EF%B8%8F%E2%83%A3/@me with None has returned 204
2022-04-05 21:49:07,158:DEBUG:discord.http: A rate limit bucket has been exhausted (bucket: 961022230098239501:None:/channels/{channel_id}/messages/{message_id}/reactions/{emoji}/@me, retry: 0.25).
2022-04-05 21:49:07,158:DEBUG:discord.http: PUT https://discord.com/api/v7/channels/961022230098239501/messages/961125473587458108/reactions/4%EF%B8%8F%E2%83%A3/@me has received 
2022-04-05 21:49:07,171:DEBUG:discord.client: Dispatching event socket_raw_receive
2022-04-05 21:49:07,172:DEBUG:discord.gateway: For Shard ID None: WebSocket Event: {'t': 'MESSAGE_REACTION_ADD', 's': 20, 'op': 0, 'd': {'user_id': '960740724456980520', 'message_id': '961125473587458108', 'member': {'user': {'username': 'ChessBot', 'id': '960740724456980520', 'discriminator': '8864', 'bot': True, 'avatar': '55e61f2acc7f716ca6f0895603e45721'}, 'roles': ['961022405264936973'], 'premium_since': None, 'pending': False, 'nick': None, 'mute': False, 'joined_at': '2022-04-05T21:59:56.396716+00:00', 'hoisted_role': None, 'flags': 0, 'deaf': False, 'communication_disabled_until': None, 'avatar': None}, 'emoji': {'name': '4️⃣', 'id': None}, 'channel_id': '961022230098239501', 'guild_id': '961022230098239498'}}
2022-04-05 21:49:07,172:DEBUG:discord.client: Dispatching event socket_response
2022-04-05 21:49:07,173:DEBUG:discord.client: Dispatching event raw_reaction_add
2022-04-05 21:49:07,173:DEBUG:discord.client: Dispatching event reaction_add
2022-04-05 21:49:07,576:DEBUG:discord.http: PUT https://discord.com/api/v7/channels/961022230098239501/messages/961125473587458108/reactions/5%EF%B8%8F%E2%83%A3/@me with None has returned 204
2022-04-05 21:49:07,576:DEBUG:discord.http: A rate limit bucket has been exhausted (bucket: 961022230098239501:None:/channels/{channel_id}/messages/{message_id}/reactions/{emoji}/@me, retry: 0.25).
2022-04-05 21:49:07,577:DEBUG:discord.http: PUT https://discord.com/api/v7/channels/961022230098239501/messages/961125473587458108/reactions/5%EF%B8%8F%E2%83%A3/@me has received 
2022-04-05 21:49:07,582:DEBUG:discord.client: Dispatching event socket_raw_receive
2022-04-05 21:49:07,582:DEBUG:discord.gateway: For Shard ID None: WebSocket Event: {'t': 'MESSAGE_REACTION_ADD', 's': 21, 'op': 0, 'd': {'user_id': '960740724456980520', 'message_id': '961125473587458108', 'member': {'user': {'username': 'ChessBot', 'id': '960740724456980520', 'discriminator': '8864', 'bot': True, 'avatar': '55e61f2acc7f716ca6f0895603e45721'}, 'roles': ['961022405264936973'], 'premium_since': None, 'pending': False, 'nick': None, 'mute': False, 'joined_at': '2022-04-05T21:59:56.396716+00:00', 'hoisted_role': None, 'flags': 0, 'deaf': False, 'communication_disabled_until': None, 'avatar': None}, 'emoji': {'name': '5️⃣', 'id': None}, 'channel_id': '961022230098239501', 'guild_id': '961022230098239498'}}
2022-04-05 21:49:07,583:DEBUG:discord.client: Dispatching event socket_response
2022-04-05 21:49:07,583:DEBUG:discord.client: Dispatching event raw_reaction_add
2022-04-05 21:49:07,584:DEBUG:discord.client: Dispatching event reaction_add
2022-04-05 21:49:07,993:DEBUG:discord.client: Dispatching event socket_raw_receive
2022-04-05 21:49:07,993:DEBUG:discord.gateway: For Shard ID None: WebSocket Event: {'t': 'MESSAGE_REACTION_ADD', 's': 22, 'op': 0, 'd': {'user_id': '960740724456980520', 'message_id': '961125473587458108', 'member': {'user': {'username': 'ChessBot', 'id': '960740724456980520', 'discriminator': '8864', 'bot': True, 'avatar': '55e61f2acc7f716ca6f0895603e45721'}, 'roles': ['961022405264936973'], 'premium_since': None, 'pending': False, 'nick': None, 'mute': False, 'joined_at': '2022-04-05T21:59:56.396716+00:00', 'hoisted_role': None, 'flags': 0, 'deaf': False, 'communication_disabled_until': None, 'avatar': None}, 'emoji': {'name': '6️⃣', 'id': None}, 'channel_id': '961022230098239501', 'guild_id': '961022230098239498'}}
2022-04-05 21:49:07,994:DEBUG:discord.client: Dispatching event socket_response
2022-04-05 21:49:07,994:DEBUG:discord.client: Dispatching event raw_reaction_add
2022-04-05 21:49:07,995:DEBUG:discord.client: Dispatching event reaction_add
2022-04-05 21:49:07,996:DEBUG:discord.http: PUT https://discord.com/api/v7/channels/961022230098239501/messages/961125473587458108/reactions/6%EF%B8%8F%E2%83%A3/@me with None has returned 204
2022-04-05 21:49:07,996:DEBUG:discord.http: A rate limit bucket has been exhausted (bucket: 961022230098239501:None:/channels/{channel_id}/messages/{message_id}/reactions/{emoji}/@me, retry: 0.25).
2022-04-05 21:49:07,997:DEBUG:discord.http: PUT https://discord.com/api/v7/channels/961022230098239501/messages/961125473587458108/reactions/6%EF%B8%8F%E2%83%A3/@me has received 
2022-04-05 21:49:09,869:DEBUG:discord.client: Dispatching event socket_raw_receive
2022-04-05 21:49:09,870:DEBUG:discord.gateway: For Shard ID None: WebSocket Event: {'t': 'MESSAGE_REACTION_ADD', 's': 23, 'op': 0, 'd': {'user_id': '960740724456980520', 'message_id': '961125473587458108', 'member': {'user': {'username': 'ChessBot', 'id': '960740724456980520', 'discriminator': '8864', 'bot': True, 'avatar': '55e61f2acc7f716ca6f0895603e45721'}, 'roles': ['961022405264936973'], 'premium_since': None, 'pending': False, 'nick': None, 'mute': False, 'joined_at': '2022-04-05T21:59:56.396716+00:00', 'hoisted_role': None, 'flags': 0, 'deaf': False, 'communication_disabled_until': None, 'avatar': None}, 'emoji': {'name': '7️⃣', 'id': None}, 'channel_id': '961022230098239501', 'guild_id': '961022230098239498'}}
2022-04-05 21:49:09,873:DEBUG:discord.client: Dispatching event socket_response
2022-04-05 21:49:09,874:DEBUG:discord.client: Dispatching event raw_reaction_add
2022-04-05 21:49:09,875:DEBUG:discord.client: Dispatching event reaction_add
2022-04-05 21:49:09,882:DEBUG:discord.http: PUT https://discord.com/api/v7/channels/961022230098239501/messages/961125473587458108/reactions/7%EF%B8%8F%E2%83%A3/@me with None has returned 204
2022-04-05 21:49:09,883:DEBUG:discord.http: A rate limit bucket has been exhausted (bucket: 961022230098239501:None:/channels/{channel_id}/messages/{message_id}/reactions/{emoji}/@me, retry: 0.25).
2022-04-05 21:49:09,885:DEBUG:discord.http: PUT https://discord.com/api/v7/channels/961022230098239501/messages/961125473587458108/reactions/7%EF%B8%8F%E2%83%A3/@me has received 
2022-04-05 21:49:10,352:DEBUG:discord.http: PUT https://discord.com/api/v7/channels/961022230098239501/messages/961125473587458108/reactions/8%EF%B8%8F%E2%83%A3/@me with None has returned 204
2022-04-05 21:49:10,352:DEBUG:discord.http: A rate limit bucket has been exhausted (bucket: 961022230098239501:None:/channels/{channel_id}/messages/{message_id}/reactions/{emoji}/@me, retry: 0.25).
2022-04-05 21:49:10,353:DEBUG:discord.http: PUT https://discord.com/api/v7/channels/961022230098239501/messages/961125473587458108/reactions/8%EF%B8%8F%E2%83%A3/@me has received 
2022-04-05 21:49:10,354:DEBUG:discord.client: Dispatching event socket_raw_receive
2022-04-05 21:49:10,355:DEBUG:discord.gateway: For Shard ID None: WebSocket Event: {'t': 'MESSAGE_REACTION_ADD', 's': 24, 'op': 0, 'd': {'user_id': '960740724456980520', 'message_id': '961125473587458108', 'member': {'user': {'username': 'ChessBot', 'id': '960740724456980520', 'discriminator': '8864', 'bot': True, 'avatar': '55e61f2acc7f716ca6f0895603e45721'}, 'roles': ['961022405264936973'], 'premium_since': None, 'pending': False, 'nick': None, 'mute': False, 'joined_at': '2022-04-05T21:59:56.396716+00:00', 'hoisted_role': None, 'flags': 0, 'deaf': False, 'communication_disabled_until': None, 'avatar': None}, 'emoji': {'name': '8️⃣', 'id': None}, 'channel_id': '961022230098239501', 'guild_id': '961022230098239498'}}
2022-04-05 21:49:10,355:DEBUG:discord.client: Dispatching event socket_response
2022-04-05 21:49:10,356:DEBUG:discord.client: Dispatching event raw_reaction_add
2022-04-05 21:49:10,356:DEBUG:discord.client: Dispatching event reaction_add
2022-04-05 21:49:10,766:DEBUG:discord.client: Dispatching event socket_raw_receive
2022-04-05 21:49:10,766:DEBUG:discord.gateway: For Shard ID None: WebSocket Event: {'t': 'MESSAGE_REACTION_ADD', 's': 25, 'op': 0, 'd': {'user_id': '960740724456980520', 'message_id': '961125472719228938', 'member': {'user': {'username': 'ChessBot', 'id': '960740724456980520', 'discriminator': '8864', 'bot': True, 'avatar': '55e61f2acc7f716ca6f0895603e45721'}, 'roles': ['961022405264936973'], 'premium_since': None, 'pending': False, 'nick': None, 'mute': False, 'joined_at': '2022-04-05T21:59:56.396716+00:00', 'hoisted_role': None, 'flags': 0, 'deaf': False, 'communication_disabled_until': None, 'avatar': None}, 'emoji': {'name': 'A_', 'id': '961053247827763230'}, 'channel_id': '961022230098239501', 'guild_id': '961022230098239498'}}
2022-04-05 21:49:10,767:DEBUG:discord.client: Dispatching event socket_response
2022-04-05 21:49:10,767:DEBUG:discord.client: Dispatching event raw_reaction_add
2022-04-05 21:49:10,767:DEBUG:discord.client: Dispatching event reaction_add
2022-04-05 21:49:10,770:DEBUG:discord.http: PUT https://discord.com/api/v7/channels/961022230098239501/messages/961125472719228938/reactions/A_%3A961053247827763230/@me with None has returned 204
2022-04-05 21:49:10,770:DEBUG:discord.http: A rate limit bucket has been exhausted (bucket: 961022230098239501:None:/channels/{channel_id}/messages/{message_id}/reactions/{emoji}/@me, retry: 0.25).
2022-04-05 21:49:10,770:DEBUG:discord.http: PUT https://discord.com/api/v7/channels/961022230098239501/messages/961125472719228938/reactions/A_%3A961053247827763230/@me has received 
2022-04-05 21:49:11,518:DEBUG:discord.http: PUT https://discord.com/api/v7/channels/961022230098239501/messages/961125472719228938/reactions/B_%3A961053255264272405/@me with None has returned 204
2022-04-05 21:49:11,519:DEBUG:discord.http: A rate limit bucket has been exhausted (bucket: 961022230098239501:None:/channels/{channel_id}/messages/{message_id}/reactions/{emoji}/@me, retry: 0.25).
2022-04-05 21:49:11,519:DEBUG:discord.http: PUT https://discord.com/api/v7/channels/961022230098239501/messages/961125472719228938/reactions/B_%3A961053255264272405/@me has received 
2022-04-05 21:49:11,533:DEBUG:discord.client: Dispatching event socket_raw_receive
2022-04-05 21:49:11,534:DEBUG:discord.gateway: For Shard ID None: WebSocket Event: {'t': 'MESSAGE_REACTION_ADD', 's': 26, 'op': 0, 'd': {'user_id': '960740724456980520', 'message_id': '961125472719228938', 'member': {'user': {'username': 'ChessBot', 'id': '960740724456980520', 'discriminator': '8864', 'bot': True, 'avatar': '55e61f2acc7f716ca6f0895603e45721'}, 'roles': ['961022405264936973'], 'premium_since': None, 'pending': False, 'nick': None, 'mute': False, 'joined_at': '2022-04-05T21:59:56.396716+00:00', 'hoisted_role': None, 'flags': 0, 'deaf': False, 'communication_disabled_until': None, 'avatar': None}, 'emoji': {'name': 'B_', 'id': '961053255264272405'}, 'channel_id': '961022230098239501', 'guild_id': '961022230098239498'}}
2022-04-05 21:49:11,534:DEBUG:discord.client: Dispatching event socket_response
2022-04-05 21:49:11,535:DEBUG:discord.client: Dispatching event raw_reaction_add
2022-04-05 21:49:11,535:DEBUG:discord.client: Dispatching event reaction_add
2022-04-05 21:49:11,941:DEBUG:discord.http: PUT https://discord.com/api/v7/channels/961022230098239501/messages/961125472719228938/reactions/C_%3A961053262679785552/@me with None has returned 204
2022-04-05 21:49:11,941:DEBUG:discord.http: A rate limit bucket has been exhausted (bucket: 961022230098239501:None:/channels/{channel_id}/messages/{message_id}/reactions/{emoji}/@me, retry: 0.25).
2022-04-05 21:49:11,942:DEBUG:discord.http: PUT https://discord.com/api/v7/channels/961022230098239501/messages/961125472719228938/reactions/C_%3A961053262679785552/@me has received 
2022-04-05 21:49:11,942:DEBUG:discord.client: Dispatching event socket_raw_receive
2022-04-05 21:49:11,942:DEBUG:discord.gateway: For Shard ID None: WebSocket Event: {'t': 'MESSAGE_REACTION_ADD', 's': 27, 'op': 0, 'd': {'user_id': '960740724456980520', 'message_id': '961125472719228938', 'member': {'user': {'username': 'ChessBot', 'id': '960740724456980520', 'discriminator': '8864', 'bot': True, 'avatar': '55e61f2acc7f716ca6f0895603e45721'}, 'roles': ['961022405264936973'], 'premium_since': None, 'pending': False, 'nick': None, 'mute': False, 'joined_at': '2022-04-05T21:59:56.396716+00:00', 'hoisted_role': None, 'flags': 0, 'deaf': False, 'communication_disabled_until': None, 'avatar': None}, 'emoji': {'name': 'C_', 'id': '961053262679785552'}, 'channel_id': '961022230098239501', 'guild_id': '961022230098239498'}}
2022-04-05 21:49:11,943:DEBUG:discord.client: Dispatching event socket_response
2022-04-05 21:49:11,944:DEBUG:discord.client: Dispatching event raw_reaction_add
2022-04-05 21:49:11,944:DEBUG:discord.client: Dispatching event reaction_add
2022-04-05 21:49:12,432:DEBUG:discord.http: PUT https://discord.com/api/v7/channels/961022230098239501/messages/961125472719228938/reactions/D_%3A961053270703476736/@me with None has returned 204
2022-04-05 21:49:12,433:DEBUG:discord.http: A rate limit bucket has been exhausted (bucket: 961022230098239501:None:/channels/{channel_id}/messages/{message_id}/reactions/{emoji}/@me, retry: 0.25).
2022-04-05 21:49:12,434:DEBUG:discord.http: PUT https://discord.com/api/v7/channels/961022230098239501/messages/961125472719228938/reactions/D_%3A961053270703476736/@me has received 
2022-04-05 21:49:12,438:DEBUG:discord.client: Dispatching event socket_raw_receive
2022-04-05 21:49:12,439:DEBUG:discord.gateway: For Shard ID None: WebSocket Event: {'t': 'MESSAGE_REACTION_ADD', 's': 28, 'op': 0, 'd': {'user_id': '960740724456980520', 'message_id': '961125472719228938', 'member': {'user': {'username': 'ChessBot', 'id': '960740724456980520', 'discriminator': '8864', 'bot': True, 'avatar': '55e61f2acc7f716ca6f0895603e45721'}, 'roles': ['961022405264936973'], 'premium_since': None, 'pending': False, 'nick': None, 'mute': False, 'joined_at': '2022-04-05T21:59:56.396716+00:00', 'hoisted_role': None, 'flags': 0, 'deaf': False, 'communication_disabled_until': None, 'avatar': None}, 'emoji': {'name': 'D_', 'id': '961053270703476736'}, 'channel_id': '961022230098239501', 'guild_id': '961022230098239498'}}
2022-04-05 21:49:12,441:DEBUG:discord.client: Dispatching event socket_response
2022-04-05 21:49:12,442:DEBUG:discord.client: Dispatching event raw_reaction_add
2022-04-05 21:49:12,443:DEBUG:discord.client: Dispatching event reaction_add
2022-04-05 21:49:12,839:DEBUG:discord.http: PUT https://discord.com/api/v7/channels/961022230098239501/messages/961125472719228938/reactions/E_%3A961053278072889395/@me with None has returned 204
2022-04-05 21:49:12,841:DEBUG:discord.http: A rate limit bucket has been exhausted (bucket: 961022230098239501:None:/channels/{channel_id}/messages/{message_id}/reactions/{emoji}/@me, retry: 0.25).
2022-04-05 21:49:12,842:DEBUG:discord.http: PUT https://discord.com/api/v7/channels/961022230098239501/messages/961125472719228938/reactions/E_%3A961053278072889395/@me has received 
2022-04-05 21:49:12,844:DEBUG:discord.client: Dispatching event socket_raw_receive
2022-04-05 21:49:12,845:DEBUG:discord.gateway: For Shard ID None: WebSocket Event: {'t': 'MESSAGE_REACTION_ADD', 's': 29, 'op': 0, 'd': {'user_id': '960740724456980520', 'message_id': '961125472719228938', 'member': {'user': {'username': 'ChessBot', 'id': '960740724456980520', 'discriminator': '8864', 'bot': True, 'avatar': '55e61f2acc7f716ca6f0895603e45721'}, 'roles': ['961022405264936973'], 'premium_since': None, 'pending': False, 'nick': None, 'mute': False, 'joined_at': '2022-04-05T21:59:56.396716+00:00', 'hoisted_role': None, 'flags': 0, 'deaf': False, 'communication_disabled_until': None, 'avatar': None}, 'emoji': {'name': 'E_', 'id': '961053278072889395'}, 'channel_id': '961022230098239501', 'guild_id': '961022230098239498'}}
2022-04-05 21:49:12,848:DEBUG:discord.client: Dispatching event socket_response
2022-04-05 21:49:12,849:DEBUG:discord.client: Dispatching event raw_reaction_add
2022-04-05 21:49:12,849:DEBUG:discord.client: Dispatching event reaction_add
2022-04-05 21:49:13,241:DEBUG:discord.http: PUT https://discord.com/api/v7/channels/961022230098239501/messages/961125472719228938/reactions/F_%3A961053285349982228/@me with None has returned 204
2022-04-05 21:49:13,242:DEBUG:discord.http: A rate limit bucket has been exhausted (bucket: 961022230098239501:None:/channels/{channel_id}/messages/{message_id}/reactions/{emoji}/@me, retry: 0.25).
2022-04-05 21:49:13,244:DEBUG:discord.http: PUT https://discord.com/api/v7/channels/961022230098239501/messages/961125472719228938/reactions/F_%3A961053285349982228/@me has received 
2022-04-05 21:49:13,282:DEBUG:discord.client: Dispatching event socket_raw_receive
2022-04-05 21:49:13,282:DEBUG:discord.gateway: For Shard ID None: WebSocket Event: {'t': 'MESSAGE_REACTION_ADD', 's': 30, 'op': 0, 'd': {'user_id': '960740724456980520', 'message_id': '961125472719228938', 'member': {'user': {'username': 'ChessBot', 'id': '960740724456980520', 'discriminator': '8864', 'bot': True, 'avatar': '55e61f2acc7f716ca6f0895603e45721'}, 'roles': ['961022405264936973'], 'premium_since': None, 'pending': False, 'nick': None, 'mute': False, 'joined_at': '2022-04-05T21:59:56.396716+00:00', 'hoisted_role': None, 'flags': 0, 'deaf': False, 'communication_disabled_until': None, 'avatar': None}, 'emoji': {'name': 'F_', 'id': '961053285349982228'}, 'channel_id': '961022230098239501', 'guild_id': '961022230098239498'}}
2022-04-05 21:49:13,283:DEBUG:discord.client: Dispatching event socket_response
2022-04-05 21:49:13,283:DEBUG:discord.client: Dispatching event raw_reaction_add
2022-04-05 21:49:13,284:DEBUG:discord.client: Dispatching event reaction_add
2022-04-05 21:49:13,691:DEBUG:discord.http: PUT https://discord.com/api/v7/channels/961022230098239501/messages/961125472719228938/reactions/G_%3A961053407513280512/@me with None has returned 204
2022-04-05 21:49:13,692:DEBUG:discord.http: A rate limit bucket has been exhausted (bucket: 961022230098239501:None:/channels/{channel_id}/messages/{message_id}/reactions/{emoji}/@me, retry: 0.25).
2022-04-05 21:49:13,694:DEBUG:discord.http: PUT https://discord.com/api/v7/channels/961022230098239501/messages/961125472719228938/reactions/G_%3A961053407513280512/@me has received 
2022-04-05 21:49:13,694:DEBUG:discord.client: Dispatching event socket_raw_receive
2022-04-05 21:49:13,694:DEBUG:discord.gateway: For Shard ID None: WebSocket Event: {'t': 'MESSAGE_REACTION_ADD', 's': 31, 'op': 0, 'd': {'user_id': '960740724456980520', 'message_id': '961125472719228938', 'member': {'user': {'username': 'ChessBot', 'id': '960740724456980520', 'discriminator': '8864', 'bot': True, 'avatar': '55e61f2acc7f716ca6f0895603e45721'}, 'roles': ['961022405264936973'], 'premium_since': None, 'pending': False, 'nick': None, 'mute': False, 'joined_at': '2022-04-05T21:59:56.396716+00:00', 'hoisted_role': None, 'flags': 0, 'deaf': False, 'communication_disabled_until': None, 'avatar': None}, 'emoji': {'name': 'G_', 'id': '961053407513280512'}, 'channel_id': '961022230098239501', 'guild_id': '961022230098239498'}}
2022-04-05 21:49:13,695:DEBUG:discord.client: Dispatching event socket_response
2022-04-05 21:49:13,696:DEBUG:discord.client: Dispatching event raw_reaction_add
2022-04-05 21:49:13,696:DEBUG:discord.client: Dispatching event reaction_add
2022-04-05 21:49:14,180:DEBUG:discord.http: PUT https://discord.com/api/v7/channels/961022230098239501/messages/961125472719228938/reactions/H_%3A961053415193075783/@me with None has returned 204
2022-04-05 21:49:14,182:DEBUG:discord.http: A rate limit bucket has been exhausted (bucket: 961022230098239501:None:/channels/{channel_id}/messages/{message_id}/reactions/{emoji}/@me, retry: 0.25).
2022-04-05 21:49:14,183:DEBUG:discord.http: PUT https://discord.com/api/v7/channels/961022230098239501/messages/961125472719228938/reactions/H_%3A961053415193075783/@me has received 
2022-04-05 21:49:14,185:DEBUG:discord.client: Dispatching event socket_raw_receive
2022-04-05 21:49:14,186:DEBUG:discord.gateway: For Shard ID None: WebSocket Event: {'t': 'MESSAGE_REACTION_ADD', 's': 32, 'op': 0, 'd': {'user_id': '960740724456980520', 'message_id': '961125472719228938', 'member': {'user': {'username': 'ChessBot', 'id': '960740724456980520', 'discriminator': '8864', 'bot': True, 'avatar': '55e61f2acc7f716ca6f0895603e45721'}, 'roles': ['961022405264936973'], 'premium_since': None, 'pending': False, 'nick': None, 'mute': False, 'joined_at': '2022-04-05T21:59:56.396716+00:00', 'hoisted_role': None, 'flags': 0, 'deaf': False, 'communication_disabled_until': None, 'avatar': None}, 'emoji': {'name': 'H_', 'id': '961053415193075783'}, 'channel_id': '961022230098239501', 'guild_id': '961022230098239498'}}
2022-04-05 21:49:14,189:DEBUG:discord.client: Dispatching event socket_response
2022-04-05 21:49:14,190:DEBUG:discord.client: Dispatching event raw_reaction_add
2022-04-05 21:49:14,191:DEBUG:discord.client: Dispatching event reaction_add
2022-04-05 21:49:14,588:DEBUG:discord.client: Dispatching event socket_raw_receive
2022-04-05 21:49:14,588:DEBUG:discord.gateway: For Shard ID None: WebSocket Event: {'t': 'MESSAGE_REACTION_ADD', 's': 33, 'op': 0, 'd': {'user_id': '960740724456980520', 'message_id': '961125473587458108', 'member': {'user': {'username': 'ChessBot', 'id': '960740724456980520', 'discriminator': '8864', 'bot': True, 'avatar': '55e61f2acc7f716ca6f0895603e45721'}, 'roles': ['961022405264936973'], 'premium_since': None, 'pending': False, 'nick': None, 'mute': False, 'joined_at': '2022-04-05T21:59:56.396716+00:00', 'hoisted_role': None, 'flags': 0, 'deaf': False, 'communication_disabled_until': None, 'avatar': None}, 'emoji': {'name': '1_', 'id': '961051119147184208'}, 'channel_id': '961022230098239501', 'guild_id': '961022230098239498'}}
2022-04-05 21:49:14,589:DEBUG:discord.client: Dispatching event socket_response
2022-04-05 21:49:14,590:DEBUG:discord.client: Dispatching event raw_reaction_add
2022-04-05 21:49:14,590:DEBUG:discord.client: Dispatching event reaction_add
2022-04-05 21:49:14,591:DEBUG:discord.http: PUT https://discord.com/api/v7/channels/961022230098239501/messages/961125473587458108/reactions/1_%3A961051119147184208/@me with None has returned 204
2022-04-05 21:49:14,591:DEBUG:discord.http: A rate limit bucket has been exhausted (bucket: 961022230098239501:None:/channels/{channel_id}/messages/{message_id}/reactions/{emoji}/@me, retry: 0.25).
2022-04-05 21:49:14,592:DEBUG:discord.http: PUT https://discord.com/api/v7/channels/961022230098239501/messages/961125473587458108/reactions/1_%3A961051119147184208/@me has received 
2022-04-05 21:49:15,016:DEBUG:discord.http: PUT https://discord.com/api/v7/channels/961022230098239501/messages/961125473587458108/reactions/2_%3A961053173274001428/@me with None has returned 204
2022-04-05 21:49:15,017:DEBUG:discord.http: A rate limit bucket has been exhausted (bucket: 961022230098239501:None:/channels/{channel_id}/messages/{message_id}/reactions/{emoji}/@me, retry: 0.25).
2022-04-05 21:49:15,019:DEBUG:discord.http: PUT https://discord.com/api/v7/channels/961022230098239501/messages/961125473587458108/reactions/2_%3A961053173274001428/@me has received 
2022-04-05 21:49:15,021:DEBUG:discord.client: Dispatching event socket_raw_receive
2022-04-05 21:49:15,022:DEBUG:discord.gateway: For Shard ID None: WebSocket Event: {'t': 'MESSAGE_REACTION_ADD', 's': 34, 'op': 0, 'd': {'user_id': '960740724456980520', 'message_id': '961125473587458108', 'member': {'user': {'username': 'ChessBot', 'id': '960740724456980520', 'discriminator': '8864', 'bot': True, 'avatar': '55e61f2acc7f716ca6f0895603e45721'}, 'roles': ['961022405264936973'], 'premium_since': None, 'pending': False, 'nick': None, 'mute': False, 'joined_at': '2022-04-05T21:59:56.396716+00:00', 'hoisted_role': None, 'flags': 0, 'deaf': False, 'communication_disabled_until': None, 'avatar': None}, 'emoji': {'name': '2_', 'id': '961053173274001428'}, 'channel_id': '961022230098239501', 'guild_id': '961022230098239498'}}
2022-04-05 21:49:15,023:DEBUG:discord.client: Dispatching event socket_response
2022-04-05 21:49:15,023:DEBUG:discord.client: Dispatching event raw_reaction_add
2022-04-05 21:49:15,024:DEBUG:discord.client: Dispatching event reaction_add
2022-04-05 21:49:17,531:DEBUG:discord.client: Dispatching event socket_raw_receive
2022-04-05 21:49:17,532:DEBUG:discord.gateway: For Shard ID None: WebSocket Event: {'t': 'MESSAGE_REACTION_ADD', 's': 35, 'op': 0, 'd': {'user_id': '960740724456980520', 'message_id': '961125473587458108', 'member': {'user': {'username': 'ChessBot', 'id': '960740724456980520', 'discriminator': '8864', 'bot': True, 'avatar': '55e61f2acc7f716ca6f0895603e45721'}, 'roles': ['961022405264936973'], 'premium_since': None, 'pending': False, 'nick': None, 'mute': False, 'joined_at': '2022-04-05T21:59:56.396716+00:00', 'hoisted_role': None, 'flags': 0, 'deaf': False, 'communication_disabled_until': None, 'avatar': None}, 'emoji': {'name': '3_', 'id': '961053183403233360'}, 'channel_id': '961022230098239501', 'guild_id': '961022230098239498'}}
2022-04-05 21:49:17,532:DEBUG:discord.client: Dispatching event socket_response
2022-04-05 21:49:17,533:DEBUG:discord.client: Dispatching event raw_reaction_add
2022-04-05 21:49:17,533:DEBUG:discord.client: Dispatching event reaction_add
2022-04-05 21:49:17,796:DEBUG:discord.http: PUT https://discord.com/api/v7/channels/961022230098239501/messages/961125473587458108/reactions/3_%3A961053183403233360/@me with None has returned 204
2022-04-05 21:49:17,798:DEBUG:discord.http: A rate limit bucket has been exhausted (bucket: 961022230098239501:None:/channels/{channel_id}/messages/{message_id}/reactions/{emoji}/@me, retry: 0.25).
2022-04-05 21:49:17,800:DEBUG:discord.http: PUT https://discord.com/api/v7/channels/961022230098239501/messages/961125473587458108/reactions/3_%3A961053183403233360/@me has received 
2022-04-05 21:49:18,203:DEBUG:discord.http: PUT https://discord.com/api/v7/channels/961022230098239501/messages/961125473587458108/reactions/4_%3A961053195965190245/@me with None has returned 204
2022-04-05 21:49:18,204:DEBUG:discord.http: A rate limit bucket has been exhausted (bucket: 961022230098239501:None:/channels/{channel_id}/messages/{message_id}/reactions/{emoji}/@me, retry: 0.25).
2022-04-05 21:49:18,204:DEBUG:discord.http: PUT https://discord.com/api/v7/channels/961022230098239501/messages/961125473587458108/reactions/4_%3A961053195965190245/@me has received 
2022-04-05 21:49:18,229:DEBUG:discord.client: Dispatching event socket_raw_receive
2022-04-05 21:49:18,229:DEBUG:discord.gateway: For Shard ID None: WebSocket Event: {'t': 'MESSAGE_REACTION_ADD', 's': 36, 'op': 0, 'd': {'user_id': '960740724456980520', 'message_id': '961125473587458108', 'member': {'user': {'username': 'ChessBot', 'id': '960740724456980520', 'discriminator': '8864', 'bot': True, 'avatar': '55e61f2acc7f716ca6f0895603e45721'}, 'roles': ['961022405264936973'], 'premium_since': None, 'pending': False, 'nick': None, 'mute': False, 'joined_at': '2022-04-05T21:59:56.396716+00:00', 'hoisted_role': None, 'flags': 0, 'deaf': False, 'communication_disabled_until': None, 'avatar': None}, 'emoji': {'name': '4_', 'id': '961053195965190245'}, 'channel_id': '961022230098239501', 'guild_id': '961022230098239498'}}
2022-04-05 21:49:18,230:DEBUG:discord.client: Dispatching event socket_response
2022-04-05 21:49:18,231:DEBUG:discord.client: Dispatching event raw_reaction_add
2022-04-05 21:49:18,231:DEBUG:discord.client: Dispatching event reaction_add
2022-04-05 21:49:18,651:DEBUG:discord.http: PUT https://discord.com/api/v7/channels/961022230098239501/messages/961125473587458108/reactions/5_%3A961053205121343568/@me with None has returned 204
2022-04-05 21:49:18,652:DEBUG:discord.http: A rate limit bucket has been exhausted (bucket: 961022230098239501:None:/channels/{channel_id}/messages/{message_id}/reactions/{emoji}/@me, retry: 0.25).
2022-04-05 21:49:18,654:DEBUG:discord.http: PUT https://discord.com/api/v7/channels/961022230098239501/messages/961125473587458108/reactions/5_%3A961053205121343568/@me has received 
2022-04-05 21:49:18,655:DEBUG:discord.client: Dispatching event socket_raw_receive
2022-04-05 21:49:18,656:DEBUG:discord.gateway: For Shard ID None: WebSocket Event: {'t': 'MESSAGE_REACTION_ADD', 's': 37, 'op': 0, 'd': {'user_id': '960740724456980520', 'message_id': '961125473587458108', 'member': {'user': {'username': 'ChessBot', 'id': '960740724456980520', 'discriminator': '8864', 'bot': True, 'avatar': '55e61f2acc7f716ca6f0895603e45721'}, 'roles': ['961022405264936973'], 'premium_since': None, 'pending': False, 'nick': None, 'mute': False, 'joined_at': '2022-04-05T21:59:56.396716+00:00', 'hoisted_role': None, 'flags': 0, 'deaf': False, 'communication_disabled_until': None, 'avatar': None}, 'emoji': {'name': '5_', 'id': '961053205121343568'}, 'channel_id': '961022230098239501', 'guild_id': '961022230098239498'}}
2022-04-05 21:49:18,659:DEBUG:discord.client: Dispatching event socket_response
2022-04-05 21:49:18,660:DEBUG:discord.client: Dispatching event raw_reaction_add
2022-04-05 21:49:18,661:DEBUG:discord.client: Dispatching event reaction_add
2022-04-05 21:49:19,109:DEBUG:discord.http: PUT https://discord.com/api/v7/channels/961022230098239501/messages/961125473587458108/reactions/6_%3A961053218983514142/@me with None has returned 204
2022-04-05 21:49:19,110:DEBUG:discord.http: A rate limit bucket has been exhausted (bucket: 961022230098239501:None:/channels/{channel_id}/messages/{message_id}/reactions/{emoji}/@me, retry: 0.25).
2022-04-05 21:49:19,110:DEBUG:discord.http: PUT https://discord.com/api/v7/channels/961022230098239501/messages/961125473587458108/reactions/6_%3A961053218983514142/@me has received 
2022-04-05 21:49:19,111:DEBUG:discord.client: Dispatching event socket_raw_receive
2022-04-05 21:49:19,111:DEBUG:discord.gateway: For Shard ID None: WebSocket Event: {'t': 'MESSAGE_REACTION_ADD', 's': 38, 'op': 0, 'd': {'user_id': '960740724456980520', 'message_id': '961125473587458108', 'member': {'user': {'username': 'ChessBot', 'id': '960740724456980520', 'discriminator': '8864', 'bot': True, 'avatar': '55e61f2acc7f716ca6f0895603e45721'}, 'roles': ['961022405264936973'], 'premium_since': None, 'pending': False, 'nick': None, 'mute': False, 'joined_at': '2022-04-05T21:59:56.396716+00:00', 'hoisted_role': None, 'flags': 0, 'deaf': False, 'communication_disabled_until': None, 'avatar': None}, 'emoji': {'name': '6_', 'id': '961053218983514142'}, 'channel_id': '961022230098239501', 'guild_id': '961022230098239498'}}
2022-04-05 21:49:19,112:DEBUG:discord.client: Dispatching event socket_response
2022-04-05 21:49:19,112:DEBUG:discord.client: Dispatching event raw_reaction_add
2022-04-05 21:49:19,112:DEBUG:discord.client: Dispatching event reaction_add
2022-04-05 21:49:19,519:DEBUG:discord.http: PUT https://discord.com/api/v7/channels/961022230098239501/messages/961125473587458108/reactions/7_%3A961053226742997112/@me with None has returned 204
2022-04-05 21:49:19,520:DEBUG:discord.http: A rate limit bucket has been exhausted (bucket: 961022230098239501:None:/channels/{channel_id}/messages/{message_id}/reactions/{emoji}/@me, retry: 0.25).
2022-04-05 21:49:19,521:DEBUG:discord.http: PUT https://discord.com/api/v7/channels/961022230098239501/messages/961125473587458108/reactions/7_%3A961053226742997112/@me has received 
2022-04-05 21:49:19,522:DEBUG:discord.client: Dispatching event socket_raw_receive
2022-04-05 21:49:19,523:DEBUG:discord.gateway: For Shard ID None: WebSocket Event: {'t': 'MESSAGE_REACTION_ADD', 's': 39, 'op': 0, 'd': {'user_id': '960740724456980520', 'message_id': '961125473587458108', 'member': {'user': {'username': 'ChessBot', 'id': '960740724456980520', 'discriminator': '8864', 'bot': True, 'avatar': '55e61f2acc7f716ca6f0895603e45721'}, 'roles': ['961022405264936973'], 'premium_since': None, 'pending': False, 'nick': None, 'mute': False, 'joined_at': '2022-04-05T21:59:56.396716+00:00', 'hoisted_role': None, 'flags': 0, 'deaf': False, 'communication_disabled_until': None, 'avatar': None}, 'emoji': {'name': '7_', 'id': '961053226742997112'}, 'channel_id': '961022230098239501', 'guild_id': '961022230098239498'}}
2022-04-05 21:49:19,524:DEBUG:discord.client: Dispatching event socket_response
2022-04-05 21:49:19,524:DEBUG:discord.client: Dispatching event raw_reaction_add
2022-04-05 21:49:19,525:DEBUG:discord.client: Dispatching event reaction_add
2022-04-05 21:49:19,926:DEBUG:discord.http: PUT https://discord.com/api/v7/channels/961022230098239501/messages/961125473587458108/reactions/8_%3A961053233462272150/@me with None has returned 204
2022-04-05 21:49:19,928:DEBUG:discord.http: A rate limit bucket has been exhausted (bucket: 961022230098239501:None:/channels/{channel_id}/messages/{message_id}/reactions/{emoji}/@me, retry: 0.25).
2022-04-05 21:49:19,929:DEBUG:discord.http: PUT https://discord.com/api/v7/channels/961022230098239501/messages/961125473587458108/reactions/8_%3A961053233462272150/@me has received 
2022-04-05 21:49:19,931:DEBUG:discord.client: Dispatching event socket_raw_receive
2022-04-05 21:49:19,932:DEBUG:discord.gateway: For Shard ID None: WebSocket Event: {'t': 'MESSAGE_REACTION_ADD', 's': 40, 'op': 0, 'd': {'user_id': '960740724456980520', 'message_id': '961125473587458108', 'member': {'user': {'username': 'ChessBot', 'id': '960740724456980520', 'discriminator': '8864', 'bot': True, 'avatar': '55e61f2acc7f716ca6f0895603e45721'}, 'roles': ['961022405264936973'], 'premium_since': None, 'pending': False, 'nick': None, 'mute': False, 'joined_at': '2022-04-05T21:59:56.396716+00:00', 'hoisted_role': None, 'flags': 0, 'deaf': False, 'communication_disabled_until': None, 'avatar': None}, 'emoji': {'name': '8_', 'id': '961053233462272150'}, 'channel_id': '961022230098239501', 'guild_id': '961022230098239498'}}
2022-04-05 21:49:19,935:DEBUG:discord.client: Dispatching event socket_response
2022-04-05 21:49:19,936:DEBUG:discord.client: Dispatching event raw_reaction_add
2022-04-05 21:49:19,937:DEBUG:discord.client: Dispatching event reaction_add
2022-04-05 21:49:41,169:DEBUG:discord.gateway: Keeping shard ID None websocket alive with sequence 40.
2022-04-05 21:49:41,252:DEBUG:discord.client: Dispatching event socket_raw_receive
2022-04-05 21:49:41,253:DEBUG:discord.gateway: For Shard ID None: WebSocket Event: {'t': None, 's': None, 'op': 11, 'd': None}
2022-04-05 21:49:41,253:DEBUG:discord.client: Dispatching event socket_response
2022-04-05 21:50:04,140:DEBUG:discord.client: Dispatching event socket_raw_receive
2022-04-05 21:50:04,140:DEBUG:discord.gateway: For Shard ID None: WebSocket Event: {'t': 'MESSAGE_REACTION_ADD', 's': 41, 'op': 0, 'd': {'user_id': '393896142204567554', 'message_id': '961125472719228938', 'member': {'user': {'username': 'notpumpkinpye', 'id': '393896142204567554', 'discriminator': '4573', 'avatar': 'c550167c425f61aa36027d7423921348'}, 'roles': [], 'mute': False, 'joined_at': '2022-04-05T21:59:14.597000+00:00', 'hoisted_role': None, 'flags': 0, 'deaf': False}, 'emoji': {'name': '🇪', 'id': None}, 'channel_id': '961022230098239501', 'guild_id': '961022230098239498'}}
2022-04-05 21:50:04,141:DEBUG:discord.client: Dispatching event socket_response
2022-04-05 21:50:04,141:DEBUG:discord.client: Dispatching event raw_reaction_add
2022-04-05 21:50:04,141:DEBUG:discord.client: Dispatching event reaction_add
2022-04-05 21:50:06,127:DEBUG:discord.client: Dispatching event socket_raw_receive
2022-04-05 21:50:06,128:DEBUG:discord.gateway: For Shard ID None: WebSocket Event: {'t': 'MESSAGE_REACTION_ADD', 's': 42, 'op': 0, 'd': {'user_id': '393896142204567554', 'message_id': '961125473587458108', 'member': {'user': {'username': 'notpumpkinpye', 'id': '393896142204567554', 'discriminator': '4573', 'avatar': 'c550167c425f61aa36027d7423921348'}, 'roles': [], 'mute': False, 'joined_at': '2022-04-05T21:59:14.597000+00:00', 'hoisted_role': None, 'flags': 0, 'deaf': False}, 'emoji': {'name': '2️⃣', 'id': None}, 'channel_id': '961022230098239501', 'guild_id': '961022230098239498'}}
2022-04-05 21:50:06,128:DEBUG:discord.client: Dispatching event socket_response
2022-04-05 21:50:06,129:DEBUG:discord.client: Dispatching event raw_reaction_add
2022-04-05 21:50:06,129:DEBUG:discord.client: Dispatching event reaction_add
2022-04-05 21:50:08,776:DEBUG:discord.client: Dispatching event socket_raw_receive
2022-04-05 21:50:08,776:DEBUG:discord.gateway: For Shard ID None: WebSocket Event: {'t': 'MESSAGE_REACTION_ADD', 's': 43, 'op': 0, 'd': {'user_id': '393896142204567554', 'message_id': '961125472719228938', 'member': {'user': {'username': 'notpumpkinpye', 'id': '393896142204567554', 'discriminator': '4573', 'avatar': 'c550167c425f61aa36027d7423921348'}, 'roles': [], 'mute': False, 'joined_at': '2022-04-05T21:59:14.597000+00:00', 'hoisted_role': None, 'flags': 0, 'deaf': False}, 'emoji': {'name': 'E_', 'id': '961053278072889395'}, 'channel_id': '961022230098239501', 'guild_id': '961022230098239498'}}
2022-04-05 21:50:08,777:DEBUG:discord.client: Dispatching event socket_response
2022-04-05 21:50:08,777:DEBUG:discord.client: Dispatching event raw_reaction_add
2022-04-05 21:50:08,777:DEBUG:discord.client: Dispatching event reaction_add
2022-04-05 21:50:12,656:DEBUG:discord.client: Dispatching event socket_raw_receive
2022-04-05 21:50:12,657:DEBUG:discord.gateway: For Shard ID None: WebSocket Event: {'t': 'MESSAGE_REACTION_ADD', 's': 44, 'op': 0, 'd': {'user_id': '393896142204567554', 'message_id': '961125473587458108', 'member': {'user': {'username': 'notpumpkinpye', 'id': '393896142204567554', 'discriminator': '4573', 'avatar': 'c550167c425f61aa36027d7423921348'}, 'roles': [], 'mute': False, 'joined_at': '2022-04-05T21:59:14.597000+00:00', 'hoisted_role': None, 'flags': 0, 'deaf': False}, 'emoji': {'name': '4_', 'id': '961053195965190245'}, 'channel_id': '961022230098239501', 'guild_id': '961022230098239498'}}
2022-04-05 21:50:12,657:DEBUG:discord.client: Dispatching event socket_response
2022-04-05 21:50:12,658:DEBUG:discord.client: Dispatching event raw_reaction_add
2022-04-05 21:50:12,658:DEBUG:discord.client: Dispatching event reaction_add
2022-04-05 21:50:14,900:DEBUG:discord.client: Dispatching event socket_raw_receive
2022-04-05 21:50:14,901:DEBUG:discord.gateway: For Shard ID None: WebSocket Event: {'t': 'MESSAGE_CREATE', 's': 45, 'op': 0, 'd': {'type': 0, 'tts': False, 'timestamp': '2022-04-06T04:50:42.967000+00:00', 'referenced_message': None, 'pinned': False, 'mentions': [], 'mention_roles': [], 'mention_everyone': False, 'member': {'roles': ['961022405264936973'], 'premium_since': None, 'pending': False, 'nick': None, 'mute': False, 'joined_at': '2022-04-05T21:59:56.396716+00:00', 'hoisted_role': None, 'flags': 0, 'deaf': False, 'communication_disabled_until': None, 'avatar': None}, 'id': '961125780677619783', 'flags': 0, 'embeds': [], 'edited_timestamp': None, 'content': '', 'components': [], 'channel_id': '961025712276525267', 'author': {'username': 'ChessBot', 'public_flags': 0, 'id': '960740724456980520', 'discriminator': '8864', 'bot': True, 'avatar': '55e61f2acc7f716ca6f0895603e45721'}, 'attachments': [{'width': 576, 'url': 'https://cdn.discordapp.com/attachments/961025712276525267/961125780518219836/board.png', 'size': 26552, 'proxy_url': 'https://media.discordapp.net/attachments/961025712276525267/961125780518219836/board.png', 'id': '961125780518219836', 'height': 576, 'filename': 'board.png', 'content_type': 'image/png'}], 'guild_id': '961022230098239498'}}
2022-04-05 21:50:14,906:DEBUG:discord.client: Dispatching event socket_response
2022-04-05 21:50:14,907:DEBUG:discord.client: Dispatching event message
2022-04-05 21:50:14,940:DEBUG:discord.http: POST https://discord.com/api/v7/channels/961025712276525267/messages with <aiohttp.formdata.FormData object at 0x000001C2703C1B40> has returned 200
2022-04-05 21:50:14,941:DEBUG:discord.http: POST https://discord.com/api/v7/channels/961025712276525267/messages has received {'id': '961125780677619783', 'type': 0, 'content': '', 'channel_id': '961025712276525267', 'author': {'id': '960740724456980520', 'username': 'ChessBot', 'avatar': '55e61f2acc7f716ca6f0895603e45721', 'discriminator': '8864', 'public_flags': 0, 'bot': True}, 'attachments': [{'id': '961125780518219836', 'filename': 'board.png', 'size': 26552, 'url': 'https://cdn.discordapp.com/attachments/961025712276525267/961125780518219836/board.png', 'proxy_url': 'https://media.discordapp.net/attachments/961025712276525267/961125780518219836/board.png', 'width': 576, 'height': 576, 'content_type': 'image/png'}], 'embeds': [], 'mentions': [], 'mention_roles': [], 'pinned': False, 'mention_everyone': False, 'tts': False, 'timestamp': '2022-04-06T04:50:42.967000+00:00', 'edited_timestamp': None, 'flags': 0, 'components': [], 'referenced_message': None}
2022-04-05 21:50:15,067:DEBUG:discord.client: Dispatching event socket_raw_receive
2022-04-05 21:50:15,067:DEBUG:discord.gateway: For Shard ID None: WebSocket Event: {'t': 'MESSAGE_UPDATE', 's': 46, 'op': 0, 'd': {'type': 0, 'tts': False, 'timestamp': '2022-04-06T04:50:42.967000+00:00', 'pinned': False, 'mentions': [], 'mention_roles': [], 'mention_everyone': False, 'member': {'roles': ['961022405264936973'], 'premium_since': None, 'pending': False, 'nick': None, 'mute': False, 'joined_at': '2022-04-05T21:59:56.396716+00:00', 'hoisted_role': None, 'flags': 0, 'deaf': False, 'communication_disabled_until': None, 'avatar': None}, 'id': '961125780677619783', 'flags': 0, 'embeds': [], 'edited_timestamp': '2022-04-06T04:50:43.143011+00:00', 'content': 'https://cdn.discordapp.com/attachments/961025712276525267/961125780518219836/board.png', 'components': [], 'channel_id': '961025712276525267', 'author': {'username': 'ChessBot', 'public_flags': 0, 'id': '960740724456980520', 'discriminator': '8864', 'bot': True, 'avatar': '55e61f2acc7f716ca6f0895603e45721'}, 'attachments': [{'width': 576, 'url': 'https://cdn.discordapp.com/attachments/961025712276525267/961125780518219836/board.png', 'size': 26552, 'proxy_url': 'https://media.discordapp.net/attachments/961025712276525267/961125780518219836/board.png', 'id': '961125780518219836', 'height': 576, 'filename': 'board.png', 'content_type': 'image/png'}], 'guild_id': '961022230098239498'}}
2022-04-05 21:50:15,068:DEBUG:discord.client: Dispatching event socket_response
2022-04-05 21:50:15,069:DEBUG:discord.client: Dispatching event raw_message_edit
2022-04-05 21:50:15,069:DEBUG:discord.client: Dispatching event message_edit
2022-04-05 21:50:15,073:DEBUG:discord.http: PATCH https://discord.com/api/v7/channels/961025712276525267/messages/961125780677619783 with {"content":"https://cdn.discordapp.com/attachments/961025712276525267/961125780518219836/board.png"} has returned 200
2022-04-05 21:50:15,073:DEBUG:discord.http: PATCH https://discord.com/api/v7/channels/961025712276525267/messages/961125780677619783 has received {'id': '961125780677619783', 'type': 0, 'content': 'https://cdn.discordapp.com/attachments/961025712276525267/961125780518219836/board.png', 'channel_id': '961025712276525267', 'author': {'id': '960740724456980520', 'username': 'ChessBot', 'avatar': '55e61f2acc7f716ca6f0895603e45721', 'discriminator': '8864', 'public_flags': 0, 'bot': True}, 'attachments': [{'id': '961125780518219836', 'filename': 'board.png', 'size': 26552, 'url': 'https://cdn.discordapp.com/attachments/961025712276525267/961125780518219836/board.png', 'proxy_url': 'https://media.discordapp.net/attachments/961025712276525267/961125780518219836/board.png', 'width': 576, 'height': 576, 'content_type': 'image/png'}], 'embeds': [], 'mentions': [], 'mention_roles': [], 'pinned': False, 'mention_everyone': False, 'tts': False, 'timestamp': '2022-04-06T04:50:42.967000+00:00', 'edited_timestamp': '2022-04-06T04:50:43.143011+00:00', 'flags': 0, 'components': []}
2022-04-05 21:50:15,182:DEBUG:discord.client: Dispatching event socket_raw_receive
2022-04-05 21:50:15,183:DEBUG:discord.gateway: For Shard ID None: WebSocket Event: {'t': 'MESSAGE_UPDATE', 's': 47, 'op': 0, 'd': {'id': '961125780677619783', 'embeds': [{'url': 'https://cdn.discordapp.com/attachments/961025712276525267/961125780518219836/board.png', 'type': 'image', 'thumbnail': {'width': 576, 'url': 'https://cdn.discordapp.com/attachments/961025712276525267/961125780518219836/board.png', 'proxy_url': 'https://media.discordapp.net/attachments/961025712276525267/961125780518219836/board.png', 'height': 576}}], 'channel_id': '961025712276525267', 'guild_id': '961022230098239498'}}
2022-04-05 21:50:15,183:DEBUG:discord.client: Dispatching event socket_response
2022-04-05 21:50:15,184:DEBUG:discord.client: Dispatching event raw_message_edit
2022-04-05 21:50:15,184:DEBUG:discord.client: Dispatching event message_edit
2022-04-05 21:50:15,231:DEBUG:discord.client: Dispatching event socket_raw_receive
2022-04-05 21:50:15,231:DEBUG:discord.gateway: For Shard ID None: WebSocket Event: {'t': 'MESSAGE_CREATE', 's': 48, 'op': 0, 'd': {'type': 0, 'tts': False, 'timestamp': '2022-04-06T04:50:43.293000+00:00', 'referenced_message': None, 'pinned': False, 'mentions': [], 'mention_roles': [], 'mention_everyone': False, 'member': {'roles': ['961022405264936973'], 'premium_since': None, 'pending': False, 'nick': None, 'mute': False, 'joined_at': '2022-04-05T21:59:56.396716+00:00', 'hoisted_role': None, 'flags': 0, 'deaf': False, 'communication_disabled_until': None, 'avatar': None}, 'id': '961125782044934184', 'flags': 0, 'embeds': [], 'edited_timestamp': None, 'content': 'a', 'components': [], 'channel_id': '961022230098239501', 'author': {'username': 'ChessBot', 'public_flags': 0, 'id': '960740724456980520', 'discriminator': '8864', 'bot': True, 'avatar': '55e61f2acc7f716ca6f0895603e45721'}, 'attachments': [], 'guild_id': '961022230098239498'}}
2022-04-05 21:50:15,232:DEBUG:discord.client: Dispatching event socket_response
2022-04-05 21:50:15,232:DEBUG:discord.client: Dispatching event message
2022-04-05 21:50:15,242:DEBUG:discord.http: POST https://discord.com/api/v7/channels/961022230098239501/messages with {"content":"a"} has returned 200
2022-04-05 21:50:15,243:DEBUG:discord.http: POST https://discord.com/api/v7/channels/961022230098239501/messages has received {'id': '961125782044934184', 'type': 0, 'content': 'a', 'channel_id': '961022230098239501', 'author': {'id': '960740724456980520', 'username': 'ChessBot', 'avatar': '55e61f2acc7f716ca6f0895603e45721', 'discriminator': '8864', 'public_flags': 0, 'bot': True}, 'attachments': [], 'embeds': [], 'mentions': [], 'mention_roles': [], 'pinned': False, 'mention_everyone': False, 'tts': False, 'timestamp': '2022-04-06T04:50:43.293000+00:00', 'edited_timestamp': None, 'flags': 0, 'components': [], 'referenced_message': None}
2022-04-05 21:50:22,427:DEBUG:discord.gateway: Keeping shard ID None websocket alive with sequence 48.
2022-04-05 21:50:22,499:DEBUG:discord.client: Dispatching event socket_raw_receive
2022-04-05 21:50:22,500:DEBUG:discord.gateway: For Shard ID None: WebSocket Event: {'t': None, 's': None, 'op': 11, 'd': None}
2022-04-05 21:50:22,500:DEBUG:discord.client: Dispatching event socket_response
2022-04-05 21:50:34,233:INFO:discord.client: Received signal to terminate bot and event loop.
2022-04-05 21:50:34,233:INFO:discord.client: Cleaning up tasks.
2022-04-05 21:50:34,234:INFO:discord.client: Cleaning up after 2 tasks.
2022-04-05 21:50:34,234:DEBUG:discord.client: Dispatching event command_completion
2022-04-05 21:50:34,235:INFO:discord.client: All tasks finished cancelling.
2022-04-05 21:50:34,235:INFO:discord.client: Closing the event loop.
